[ 33%] Built target pick_and_place_trajectory
[ 50%] [32mBuilding CXX object CMakeFiles/pick_and_place.dir/src/pick_and_place.cpp.o[0m
[ 83%] Built target gripper_control
[100%] [32m[1mLinking CXX executable pick_and_place[0m
[100%] Built target pick_and_place
-- Install configuration: ""
-- Up-to-date: /home/user/ros2_ws/src/manipulation_project/install/moveit2_scripts/lib/moveit2_scripts/pick_and_place_trajectory
-- Up-to-date: /home/user/ros2_ws/src/manipulation_project/install/moveit2_scripts/lib/moveit2_scripts/gripper_control
-- Installing: /home/user/ros2_ws/src/manipulation_project/install/moveit2_scripts/lib/moveit2_scripts/pick_and_place
-- Set runtime path of "/home/user/ros2_ws/src/manipulation_project/install/moveit2_scripts/lib/moveit2_scripts/pick_and_place" to ""
-- Up-to-date: /home/user/ros2_ws/src/manipulation_project/install/moveit2_scripts/share/moveit2_scripts//launch
-- Up-to-date: /home/user/ros2_ws/src/manipulation_project/install/moveit2_scripts/share/moveit2_scripts//launch/pick_and_place.launch.py
-- Up-to-date: /home/user/ros2_ws/src/manipulation_project/install/moveit2_scripts/share/moveit2_scripts//launch/gripper_control.launch.py
-- Up-to-date: /home/user/ros2_ws/src/manipulation_project/install/moveit2_scripts/share/ament_index/resource_index/package_run_dependencies/moveit2_scripts
-- Up-to-date: /home/user/ros2_ws/src/manipulation_project/install/moveit2_scripts/share/ament_index/resource_index/parent_prefix_path/moveit2_scripts
-- Up-to-date: /home/user/ros2_ws/src/manipulation_project/install/moveit2_scripts/share/moveit2_scripts/environment/ament_prefix_path.sh
-- Up-to-date: /home/user/ros2_ws/src/manipulation_project/install/moveit2_scripts/share/moveit2_scripts/environment/ament_prefix_path.dsv
-- Up-to-date: /home/user/ros2_ws/src/manipulation_project/install/moveit2_scripts/share/moveit2_scripts/environment/path.sh
-- Up-to-date: /home/user/ros2_ws/src/manipulation_project/install/moveit2_scripts/share/moveit2_scripts/environment/path.dsv
-- Up-to-date: /home/user/ros2_ws/src/manipulation_project/install/moveit2_scripts/share/moveit2_scripts/local_setup.bash
-- Up-to-date: /home/user/ros2_ws/src/manipulation_project/install/moveit2_scripts/share/moveit2_scripts/local_setup.sh
-- Up-to-date: /home/user/ros2_ws/src/manipulation_project/install/moveit2_scripts/share/moveit2_scripts/local_setup.zsh
-- Up-to-date: /home/user/ros2_ws/src/manipulation_project/install/moveit2_scripts/share/moveit2_scripts/local_setup.dsv
-- Installing: /home/user/ros2_ws/src/manipulation_project/install/moveit2_scripts/share/moveit2_scripts/package.dsv
-- Up-to-date: /home/user/ros2_ws/src/manipulation_project/install/moveit2_scripts/share/ament_index/resource_index/packages/moveit2_scripts
-- Up-to-date: /home/user/ros2_ws/src/manipulation_project/install/moveit2_scripts/share/moveit2_scripts/cmake/moveit2_scriptsConfig.cmake
-- Up-to-date: /home/user/ros2_ws/src/manipulation_project/install/moveit2_scripts/share/moveit2_scripts/cmake/moveit2_scriptsConfig-version.cmake
-- Up-to-date: /home/user/ros2_ws/src/manipulation_project/install/moveit2_scripts/share/moveit2_scripts/package.xml
