[0.054s] Invoking command in '/home/user/ros2_ws/src/manipulation_project/build/moveit2_scripts': CMAKE_PREFIX_PATH=${CMAKE_PREFIX_PATH}:/home/simulations/ros2_sims_ws/install/rclrs_tests:/home/simulations/ros2_sims_ws/install/examples_rclrs_minimal_client_service:/home/simulations/ros2_sims_ws/install/sensor_msgs_py:/home/simulations/ros2_sims_ws/install/examples_rclrs_minimal_pub_sub:/home/simulations/ros2_sims_ws/install/examples_rclrs_message_demo:/home/simulations/ros2_sims_ws/install/rclrs:/home/simulations/ros2_sims_ws/install/rosidl_runtime_rs:/home/user/ros2_ws/install/ros2test:/home/user/ros2_ws/install/robotiq_85_driver:/opt/ros/humble _=/usr/bin/env /usr/bin/cmake --build /home/user/ros2_ws/src/manipulation_project/build/moveit2_scripts -- -j8 -l8
[0.202s] [35m[1mConsolidate compiler generated dependencies of target pick_and_place[0m
[0.250s] [ 33%] Built target pick_and_place_trajectory
[0.264s] [ 66%] Built target gripper_control
[0.271s] [100%] Built target pick_and_place
[0.306s] Invoked command in '/home/user/ros2_ws/src/manipulation_project/build/moveit2_scripts' returned '0': CMAKE_PREFIX_PATH=${CMAKE_PREFIX_PATH}:/home/simulations/ros2_sims_ws/install/rclrs_tests:/home/simulations/ros2_sims_ws/install/examples_rclrs_minimal_client_service:/home/simulations/ros2_sims_ws/install/sensor_msgs_py:/home/simulations/ros2_sims_ws/install/examples_rclrs_minimal_pub_sub:/home/simulations/ros2_sims_ws/install/examples_rclrs_message_demo:/home/simulations/ros2_sims_ws/install/rclrs:/home/simulations/ros2_sims_ws/install/rosidl_runtime_rs:/home/user/ros2_ws/install/ros2test:/home/user/ros2_ws/install/robotiq_85_driver:/opt/ros/humble _=/usr/bin/env /usr/bin/cmake --build /home/user/ros2_ws/src/manipulation_project/build/moveit2_scripts -- -j8 -l8
[0.506s] Invoking command in '/home/user/ros2_ws/src/manipulation_project/build/moveit2_scripts': CMAKE_PREFIX_PATH=${CMAKE_PREFIX_PATH}:/home/simulations/ros2_sims_ws/install/rclrs_tests:/home/simulations/ros2_sims_ws/install/examples_rclrs_minimal_client_service:/home/simulations/ros2_sims_ws/install/sensor_msgs_py:/home/simulations/ros2_sims_ws/install/examples_rclrs_minimal_pub_sub:/home/simulations/ros2_sims_ws/install/examples_rclrs_message_demo:/home/simulations/ros2_sims_ws/install/rclrs:/home/simulations/ros2_sims_ws/install/rosidl_runtime_rs:/home/user/ros2_ws/install/ros2test:/home/user/ros2_ws/install/robotiq_85_driver:/opt/ros/humble _=/usr/bin/env /usr/bin/cmake --install /home/user/ros2_ws/src/manipulation_project/build/moveit2_scripts
[0.529s] -- Install configuration: ""
[0.529s] -- Up-to-date: /home/user/ros2_ws/src/manipulation_project/install/moveit2_scripts/lib/moveit2_scripts/pick_and_place_trajectory
[0.530s] -- Up-to-date: /home/user/ros2_ws/src/manipulation_project/install/moveit2_scripts/lib/moveit2_scripts/gripper_control
[0.530s] -- Up-to-date: /home/user/ros2_ws/src/manipulation_project/install/moveit2_scripts/lib/moveit2_scripts/pick_and_place
[0.530s] -- Up-to-date: /home/user/ros2_ws/src/manipulation_project/install/moveit2_scripts/share/moveit2_scripts//launch
[0.531s] -- Up-to-date: /home/user/ros2_ws/src/manipulation_project/install/moveit2_scripts/share/moveit2_scripts//launch/pick_and_place.launch.py
[0.531s] -- Up-to-date: /home/user/ros2_ws/src/manipulation_project/install/moveit2_scripts/share/moveit2_scripts//launch/gripper_control.launch.py
[0.531s] -- Up-to-date: /home/user/ros2_ws/src/manipulation_project/install/moveit2_scripts/share/ament_index/resource_index/package_run_dependencies/moveit2_scripts
[0.532s] -- Up-to-date: /home/user/ros2_ws/src/manipulation_project/install/moveit2_scripts/share/ament_index/resource_index/parent_prefix_path/moveit2_scripts
[0.532s] -- Up-to-date: /home/user/ros2_ws/src/manipulation_project/install/moveit2_scripts/share/moveit2_scripts/environment/ament_prefix_path.sh
[0.532s] -- Up-to-date: /home/user/ros2_ws/src/manipulation_project/install/moveit2_scripts/share/moveit2_scripts/environment/ament_prefix_path.dsv
[0.532s] -- Up-to-date: /home/user/ros2_ws/src/manipulation_project/install/moveit2_scripts/share/moveit2_scripts/environment/path.sh
[0.533s] -- Up-to-date: /home/user/ros2_ws/src/manipulation_project/install/moveit2_scripts/share/moveit2_scripts/environment/path.dsv
[0.533s] -- Up-to-date: /home/user/ros2_ws/src/manipulation_project/install/moveit2_scripts/share/moveit2_scripts/local_setup.bash
[0.533s] -- Up-to-date: /home/user/ros2_ws/src/manipulation_project/install/moveit2_scripts/share/moveit2_scripts/local_setup.sh
[0.533s] -- Up-to-date: /home/user/ros2_ws/src/manipulation_project/install/moveit2_scripts/share/moveit2_scripts/local_setup.zsh
[0.533s] -- Up-to-date: /home/user/ros2_ws/src/manipulation_project/install/moveit2_scripts/share/moveit2_scripts/local_setup.dsv
[0.534s] -- Installing: /home/user/ros2_ws/src/manipulation_project/install/moveit2_scripts/share/moveit2_scripts/package.dsv
[0.539s] -- Up-to-date: /home/user/ros2_ws/src/manipulation_project/install/moveit2_scripts/share/ament_index/resource_index/packages/moveit2_scripts
[0.539s] -- Up-to-date: /home/user/ros2_ws/src/manipulation_project/install/moveit2_scripts/share/moveit2_scripts/cmake/moveit2_scriptsConfig.cmake
[0.540s] -- Up-to-date: /home/user/ros2_ws/src/manipulation_project/install/moveit2_scripts/share/moveit2_scripts/cmake/moveit2_scriptsConfig-version.cmake
[0.540s] -- Up-to-date: /home/user/ros2_ws/src/manipulation_project/install/moveit2_scripts/share/moveit2_scripts/package.xml
[0.540s] Invoked command in '/home/user/ros2_ws/src/manipulation_project/build/moveit2_scripts' returned '0': CMAKE_PREFIX_PATH=${CMAKE_PREFIX_PATH}:/home/simulations/ros2_sims_ws/install/rclrs_tests:/home/simulations/ros2_sims_ws/install/examples_rclrs_minimal_client_service:/home/simulations/ros2_sims_ws/install/sensor_msgs_py:/home/simulations/ros2_sims_ws/install/examples_rclrs_minimal_pub_sub:/home/simulations/ros2_sims_ws/install/examples_rclrs_message_demo:/home/simulations/ros2_sims_ws/install/rclrs:/home/simulations/ros2_sims_ws/install/rosidl_runtime_rs:/home/user/ros2_ws/install/ros2test:/home/user/ros2_ws/install/robotiq_85_driver:/opt/ros/humble _=/usr/bin/env /usr/bin/cmake --install /home/user/ros2_ws/src/manipulation_project/build/moveit2_scripts
