[0.878s] DEBUG:colcon:Command line arguments: ['/usr/bin/colcon', 'build', '--packages-select', 'moveit2_scripts', 'my_moveit_config']
[0.878s] DEBUG:colcon:Parsed command line arguments: Namespace(log_base=None, log_level=None, verb_name='build', build_base='build', install_base='install', merge_install=False, symlink_install=False, test_result_base=None, continue_on_error=False, executor='parallel', parallel_workers=8, event_handlers=None, ignore_user_meta=False, metas=['./colcon.meta'], base_paths=['.'], packages_ignore=None, packages_ignore_regex=None, paths=None, packages_up_to=None, packages_up_to_regex=None, packages_above=None, packages_above_and_dependencies=None, packages_above_depth=None, packages_select_by_dep=None, packages_skip_by_dep=None, packages_skip_up_to=None, packages_select_build_failed=False, packages_skip_build_finished=False, packages_select_test_failures=False, packages_skip_test_passed=False, packages_select=['moveit2_scripts', 'my_moveit_config'], packages_skip=None, packages_select_regex=None, packages_skip_regex=None, packages_start=None, packages_end=None, lookup_in_workspace=False, cargo_args=None, clean_build=False, cmake_args=None, cmake_target=None, cmake_target_skip_unavailable=False, cmake_clean_cache=False, cmake_clean_first=False, cmake_force_configure=False, ament_cmake_args=None, catkin_cmake_args=None, catkin_skip_building_tests=False, mixin_files=None, mixin=None, verb_parser=<colcon_mixin.mixin.mixin_argument.MixinArgumentDecorator object at 0x7f7aa75a84f0>, verb_extension=<colcon_core.verb.build.BuildVerb object at 0x7f7aa7f379d0>, main=<bound method BuildVerb.main of <colcon_core.verb.build.BuildVerb object at 0x7f7aa7f379d0>>, mixin_verb=('build',))
[0.919s] Level 1:colcon.colcon_core.package_discovery:discover_packages(colcon_meta) check parameters
[0.919s] Level 1:colcon.colcon_core.package_discovery:discover_packages(recursive) check parameters
[0.919s] Level 1:colcon.colcon_core.package_discovery:discover_packages(ignore) check parameters
[0.920s] Level 1:colcon.colcon_core.package_discovery:discover_packages(path) check parameters
[0.920s] Level 1:colcon.colcon_core.package_discovery:discover_packages(colcon_meta) discover
[0.920s] Level 1:colcon.colcon_core.package_discovery:discover_packages(recursive) discover
[0.920s] INFO:colcon.colcon_core.package_discovery:Crawling recursively for packages in '/home/user/ros2_ws/src/manipulation_project'
[0.920s] Level 1:colcon.colcon_core.package_identification:_identify(.) by extensions ['ignore', 'ignore_ament_install']
[0.920s] Level 1:colcon.colcon_core.package_identification:_identify(.) by extension 'ignore'
[0.920s] Level 1:colcon.colcon_core.package_identification:_identify(.) by extension 'ignore_ament_install'
[0.920s] Level 1:colcon.colcon_core.package_identification:_identify(.) by extensions ['colcon_pkg']
[0.920s] Level 1:colcon.colcon_core.package_identification:_identify(.) by extension 'colcon_pkg'
[0.920s] Level 1:colcon.colcon_core.package_identification:_identify(.) by extensions ['colcon_meta']
[0.920s] Level 1:colcon.colcon_core.package_identification:_identify(.) by extension 'colcon_meta'
[0.921s] Level 1:colcon.colcon_core.package_identification:_identify(.) by extensions ['ament_cargo']
[0.921s] Level 1:colcon.colcon_core.package_identification:_identify(.) by extension 'ament_cargo'
[0.921s] Level 1:colcon.colcon_core.package_identification:_identify(.) by extensions ['ros']
[0.921s] Level 1:colcon.colcon_core.package_identification:_identify(.) by extension 'ros'
[0.941s] Level 1:colcon.colcon_core.package_identification:_identify(.) by extensions ['cargo', 'cmake', 'python']
[0.941s] Level 1:colcon.colcon_core.package_identification:_identify(.) by extension 'cargo'
[0.942s] Level 1:colcon.colcon_core.package_identification:_identify(.) by extension 'cmake'
[0.942s] Level 1:colcon.colcon_core.package_identification:_identify(.) by extension 'python'
[0.942s] Level 1:colcon.colcon_core.package_identification:_identify(.) by extensions ['python_setup_py']
[0.942s] Level 1:colcon.colcon_core.package_identification:_identify(.) by extension 'python_setup_py'
[0.942s] Level 1:colcon.colcon_core.package_identification:_identify(build) by extensions ['ignore', 'ignore_ament_install']
[0.942s] Level 1:colcon.colcon_core.package_identification:_identify(build) by extension 'ignore'
[0.942s] Level 1:colcon.colcon_core.package_identification:_identify(build) ignored
[0.943s] Level 1:colcon.colcon_core.package_identification:_identify(install) by extensions ['ignore', 'ignore_ament_install']
[0.943s] Level 1:colcon.colcon_core.package_identification:_identify(install) by extension 'ignore'
[0.943s] Level 1:colcon.colcon_core.package_identification:_identify(install) ignored
[0.943s] Level 1:colcon.colcon_core.package_identification:_identify(log) by extensions ['ignore', 'ignore_ament_install']
[0.943s] Level 1:colcon.colcon_core.package_identification:_identify(log) by extension 'ignore'
[0.943s] Level 1:colcon.colcon_core.package_identification:_identify(log) ignored
[0.944s] Level 1:colcon.colcon_core.package_identification:_identify(moveit2_scripts) by extensions ['ignore', 'ignore_ament_install']
[0.944s] Level 1:colcon.colcon_core.package_identification:_identify(moveit2_scripts) by extension 'ignore'
[0.944s] Level 1:colcon.colcon_core.package_identification:_identify(moveit2_scripts) by extension 'ignore_ament_install'
[0.944s] Level 1:colcon.colcon_core.package_identification:_identify(moveit2_scripts) by extensions ['colcon_pkg']
[0.944s] Level 1:colcon.colcon_core.package_identification:_identify(moveit2_scripts) by extension 'colcon_pkg'
[0.944s] Level 1:colcon.colcon_core.package_identification:_identify(moveit2_scripts) by extensions ['colcon_meta']
[0.944s] Level 1:colcon.colcon_core.package_identification:_identify(moveit2_scripts) by extension 'colcon_meta'
[0.944s] Level 1:colcon.colcon_core.package_identification:_identify(moveit2_scripts) by extensions ['ament_cargo']
[0.944s] Level 1:colcon.colcon_core.package_identification:_identify(moveit2_scripts) by extension 'ament_cargo'
[0.944s] Level 1:colcon.colcon_core.package_identification:_identify(moveit2_scripts) by extensions ['ros']
[0.944s] Level 1:colcon.colcon_core.package_identification:_identify(moveit2_scripts) by extension 'ros'
[0.949s] DEBUG:colcon.colcon_core.package_identification:Package 'moveit2_scripts' with type 'ros.ament_cmake' and name 'moveit2_scripts'
[0.949s] Level 1:colcon.colcon_core.package_identification:_identify(my_moveit_config) by extensions ['ignore', 'ignore_ament_install']
[0.949s] Level 1:colcon.colcon_core.package_identification:_identify(my_moveit_config) by extension 'ignore'
[0.949s] Level 1:colcon.colcon_core.package_identification:_identify(my_moveit_config) by extension 'ignore_ament_install'
[0.949s] Level 1:colcon.colcon_core.package_identification:_identify(my_moveit_config) by extensions ['colcon_pkg']
[0.949s] Level 1:colcon.colcon_core.package_identification:_identify(my_moveit_config) by extension 'colcon_pkg'
[0.950s] Level 1:colcon.colcon_core.package_identification:_identify(my_moveit_config) by extensions ['colcon_meta']
[0.950s] Level 1:colcon.colcon_core.package_identification:_identify(my_moveit_config) by extension 'colcon_meta'
[0.950s] Level 1:colcon.colcon_core.package_identification:_identify(my_moveit_config) by extensions ['ament_cargo']
[0.950s] Level 1:colcon.colcon_core.package_identification:_identify(my_moveit_config) by extension 'ament_cargo'
[0.950s] Level 1:colcon.colcon_core.package_identification:_identify(my_moveit_config) by extensions ['ros']
[0.950s] Level 1:colcon.colcon_core.package_identification:_identify(my_moveit_config) by extension 'ros'
[0.951s] DEBUG:colcon.colcon_core.package_identification:Package 'my_moveit_config' with type 'ros.ament_cmake' and name 'my_moveit_config'
[0.952s] Level 1:colcon.colcon_core.package_identification:_identify(real_moveit_config) by extensions ['ignore', 'ignore_ament_install']
[0.952s] Level 1:colcon.colcon_core.package_identification:_identify(real_moveit_config) by extension 'ignore'
[0.952s] Level 1:colcon.colcon_core.package_identification:_identify(real_moveit_config) by extension 'ignore_ament_install'
[0.952s] Level 1:colcon.colcon_core.package_identification:_identify(real_moveit_config) by extensions ['colcon_pkg']
[0.952s] Level 1:colcon.colcon_core.package_identification:_identify(real_moveit_config) by extension 'colcon_pkg'
[0.952s] Level 1:colcon.colcon_core.package_identification:_identify(real_moveit_config) by extensions ['colcon_meta']
[0.952s] Level 1:colcon.colcon_core.package_identification:_identify(real_moveit_config) by extension 'colcon_meta'
[0.953s] Level 1:colcon.colcon_core.package_identification:_identify(real_moveit_config) by extensions ['ament_cargo']
[0.953s] Level 1:colcon.colcon_core.package_identification:_identify(real_moveit_config) by extension 'ament_cargo'
[0.953s] Level 1:colcon.colcon_core.package_identification:_identify(real_moveit_config) by extensions ['ros']
[0.953s] Level 1:colcon.colcon_core.package_identification:_identify(real_moveit_config) by extension 'ros'
[0.955s] DEBUG:colcon.colcon_core.package_identification:Package 'real_moveit_config' with type 'ros.ament_cmake' and name 'real_moveit_config'
[0.955s] Level 1:colcon.colcon_core.package_discovery:discover_packages(recursive) using defaults
[0.955s] Level 1:colcon.colcon_core.package_discovery:discover_packages(ignore) discover
[0.955s] Level 1:colcon.colcon_core.package_discovery:discover_packages(ignore) using defaults
[0.955s] Level 1:colcon.colcon_core.package_discovery:discover_packages(path) discover
[0.955s] Level 1:colcon.colcon_core.package_discovery:discover_packages(path) using defaults
[0.999s] INFO:colcon.colcon_core.package_selection:Skipping not selected package 'real_moveit_config' in 'real_moveit_config'
[1.005s] Level 5:colcon.colcon_core.verb:set package 'moveit2_scripts' build argument 'lookup_in_workspace' from command line to 'False'
[1.005s] Level 5:colcon.colcon_core.verb:set package 'moveit2_scripts' build argument 'cargo_args' from command line to 'None'
[1.005s] Level 5:colcon.colcon_core.verb:set package 'moveit2_scripts' build argument 'clean_build' from command line to 'False'
[1.005s] Level 5:colcon.colcon_core.verb:set package 'moveit2_scripts' build argument 'cmake_args' from command line to 'None'
[1.005s] Level 5:colcon.colcon_core.verb:set package 'moveit2_scripts' build argument 'cmake_target' from command line to 'None'
[1.005s] Level 5:colcon.colcon_core.verb:set package 'moveit2_scripts' build argument 'cmake_target_skip_unavailable' from command line to 'False'
[1.005s] Level 5:colcon.colcon_core.verb:set package 'moveit2_scripts' build argument 'cmake_clean_cache' from command line to 'False'
[1.005s] Level 5:colcon.colcon_core.verb:set package 'moveit2_scripts' build argument 'cmake_clean_first' from command line to 'False'
[1.005s] Level 5:colcon.colcon_core.verb:set package 'moveit2_scripts' build argument 'cmake_force_configure' from command line to 'False'
[1.005s] Level 5:colcon.colcon_core.verb:set package 'moveit2_scripts' build argument 'ament_cmake_args' from command line to 'None'
[1.005s] Level 5:colcon.colcon_core.verb:set package 'moveit2_scripts' build argument 'catkin_cmake_args' from command line to 'None'
[1.005s] Level 5:colcon.colcon_core.verb:set package 'moveit2_scripts' build argument 'catkin_skip_building_tests' from command line to 'False'
[1.006s] DEBUG:colcon.colcon_core.verb:Building package 'moveit2_scripts' with the following arguments: {'ament_cmake_args': None, 'build_base': '/home/user/ros2_ws/src/manipulation_project/build/moveit2_scripts', 'cargo_args': None, 'catkin_cmake_args': None, 'catkin_skip_building_tests': False, 'clean_build': False, 'cmake_args': None, 'cmake_clean_cache': False, 'cmake_clean_first': False, 'cmake_force_configure': False, 'cmake_target': None, 'cmake_target_skip_unavailable': False, 'install_base': '/home/user/ros2_ws/src/manipulation_project/install/moveit2_scripts', 'lookup_in_workspace': False, 'merge_install': False, 'path': '/home/user/ros2_ws/src/manipulation_project/moveit2_scripts', 'symlink_install': False, 'test_result_base': None}
[1.012s] Level 5:colcon.colcon_core.verb:set package 'my_moveit_config' build argument 'lookup_in_workspace' from command line to 'False'
[1.012s] Level 5:colcon.colcon_core.verb:set package 'my_moveit_config' build argument 'cargo_args' from command line to 'None'
[1.012s] Level 5:colcon.colcon_core.verb:set package 'my_moveit_config' build argument 'clean_build' from command line to 'False'
[1.012s] Level 5:colcon.colcon_core.verb:set package 'my_moveit_config' build argument 'cmake_args' from command line to 'None'
[1.012s] Level 5:colcon.colcon_core.verb:set package 'my_moveit_config' build argument 'cmake_target' from command line to 'None'
[1.012s] Level 5:colcon.colcon_core.verb:set package 'my_moveit_config' build argument 'cmake_target_skip_unavailable' from command line to 'False'
[1.012s] Level 5:colcon.colcon_core.verb:set package 'my_moveit_config' build argument 'cmake_clean_cache' from command line to 'False'
[1.012s] Level 5:colcon.colcon_core.verb:set package 'my_moveit_config' build argument 'cmake_clean_first' from command line to 'False'
[1.012s] Level 5:colcon.colcon_core.verb:set package 'my_moveit_config' build argument 'cmake_force_configure' from command line to 'False'
[1.012s] Level 5:colcon.colcon_core.verb:set package 'my_moveit_config' build argument 'ament_cmake_args' from command line to 'None'
[1.012s] Level 5:colcon.colcon_core.verb:set package 'my_moveit_config' build argument 'catkin_cmake_args' from command line to 'None'
[1.013s] Level 5:colcon.colcon_core.verb:set package 'my_moveit_config' build argument 'catkin_skip_building_tests' from command line to 'False'
[1.013s] DEBUG:colcon.colcon_core.verb:Building package 'my_moveit_config' with the following arguments: {'ament_cmake_args': None, 'build_base': '/home/user/ros2_ws/src/manipulation_project/build/my_moveit_config', 'cargo_args': None, 'catkin_cmake_args': None, 'catkin_skip_building_tests': False, 'clean_build': False, 'cmake_args': None, 'cmake_clean_cache': False, 'cmake_clean_first': False, 'cmake_force_configure': False, 'cmake_target': None, 'cmake_target_skip_unavailable': False, 'install_base': '/home/user/ros2_ws/src/manipulation_project/install/my_moveit_config', 'lookup_in_workspace': False, 'merge_install': False, 'path': '/home/user/ros2_ws/src/manipulation_project/my_moveit_config', 'symlink_install': False, 'test_result_base': None}
[1.014s] INFO:colcon.colcon_core.executor:Executing jobs using 'parallel' executor
[1.023s] DEBUG:colcon.colcon_parallel_executor.executor.parallel:run_until_complete
[1.023s] INFO:colcon.colcon_ros.task.ament_cmake.build:Building ROS package in '/home/user/ros2_ws/src/manipulation_project/moveit2_scripts' with build type 'ament_cmake'
[1.023s] INFO:colcon.colcon_cmake.task.cmake.build:Building CMake package in '/home/user/ros2_ws/src/manipulation_project/moveit2_scripts'
[1.032s] INFO:colcon.colcon_core.plugin_system:Skipping extension 'colcon_core.shell.bat': Not used on non-Windows systems
[1.033s] INFO:colcon.colcon_core.shell:Skip shell extension 'powershell' for command environment: Not usable outside of PowerShell
[1.033s] DEBUG:colcon.colcon_core.shell:Skip shell extension 'dsv' for command environment
[1.071s] INFO:colcon.colcon_ros.task.ament_cmake.build:Building ROS package in '/home/user/ros2_ws/src/manipulation_project/my_moveit_config' with build type 'ament_cmake'
[1.071s] INFO:colcon.colcon_cmake.task.cmake.build:Building CMake package in '/home/user/ros2_ws/src/manipulation_project/my_moveit_config'
[1.075s] INFO:colcon.colcon_core.shell:Skip shell extension 'powershell' for command environment: Not usable outside of PowerShell
[1.075s] DEBUG:colcon.colcon_core.shell:Skip shell extension 'dsv' for command environment
[1.103s] DEBUG:colcon.colcon_core.event_handler.log_command:Invoking command in '/home/user/ros2_ws/src/manipulation_project/build/moveit2_scripts': CMAKE_PREFIX_PATH=${CMAKE_PREFIX_PATH}:/home/simulations/ros2_sims_ws/install/rclrs_tests:/home/simulations/ros2_sims_ws/install/examples_rclrs_minimal_client_service:/home/simulations/ros2_sims_ws/install/sensor_msgs_py:/home/simulations/ros2_sims_ws/install/examples_rclrs_minimal_pub_sub:/home/simulations/ros2_sims_ws/install/examples_rclrs_message_demo:/home/simulations/ros2_sims_ws/install/rclrs:/home/simulations/ros2_sims_ws/install/rosidl_runtime_rs:/home/user/ros2_ws/install/ros2test:/home/user/ros2_ws/install/robotiq_85_driver:/opt/ros/humble _=/usr/bin/env /usr/bin/cmake --build /home/user/ros2_ws/src/manipulation_project/build/moveit2_scripts -- -j8 -l8
[1.127s] DEBUG:colcon.colcon_core.event_handler.log_command:Invoking command in '/home/user/ros2_ws/src/manipulation_project/build/my_moveit_config': CMAKE_PREFIX_PATH=${CMAKE_PREFIX_PATH}:/home/simulations/ros2_sims_ws/install/rclrs_tests:/home/simulations/ros2_sims_ws/install/examples_rclrs_minimal_client_service:/home/simulations/ros2_sims_ws/install/sensor_msgs_py:/home/simulations/ros2_sims_ws/install/examples_rclrs_minimal_pub_sub:/home/simulations/ros2_sims_ws/install/examples_rclrs_message_demo:/home/simulations/ros2_sims_ws/install/rclrs:/home/simulations/ros2_sims_ws/install/rosidl_runtime_rs:/home/user/ros2_ws/install/ros2test:/home/user/ros2_ws/install/robotiq_85_driver:/opt/ros/humble _=/usr/bin/env /usr/bin/cmake --build /home/user/ros2_ws/src/manipulation_project/build/my_moveit_config -- -j8 -l8
[1.216s] DEBUG:colcon.colcon_core.event_handler.log_command:Invoked command in '/home/user/ros2_ws/src/manipulation_project/build/my_moveit_config' returned '0': CMAKE_PREFIX_PATH=${CMAKE_PREFIX_PATH}:/home/simulations/ros2_sims_ws/install/rclrs_tests:/home/simulations/ros2_sims_ws/install/examples_rclrs_minimal_client_service:/home/simulations/ros2_sims_ws/install/sensor_msgs_py:/home/simulations/ros2_sims_ws/install/examples_rclrs_minimal_pub_sub:/home/simulations/ros2_sims_ws/install/examples_rclrs_message_demo:/home/simulations/ros2_sims_ws/install/rclrs:/home/simulations/ros2_sims_ws/install/rosidl_runtime_rs:/home/user/ros2_ws/install/ros2test:/home/user/ros2_ws/install/robotiq_85_driver:/opt/ros/humble _=/usr/bin/env /usr/bin/cmake --build /home/user/ros2_ws/src/manipulation_project/build/my_moveit_config -- -j8 -l8
[1.400s] DEBUG:colcon.colcon_core.event_handler.log_command:Invoking command in '/home/user/ros2_ws/src/manipulation_project/build/my_moveit_config': CMAKE_PREFIX_PATH=${CMAKE_PREFIX_PATH}:/home/simulations/ros2_sims_ws/install/rclrs_tests:/home/simulations/ros2_sims_ws/install/examples_rclrs_minimal_client_service:/home/simulations/ros2_sims_ws/install/sensor_msgs_py:/home/simulations/ros2_sims_ws/install/examples_rclrs_minimal_pub_sub:/home/simulations/ros2_sims_ws/install/examples_rclrs_message_demo:/home/simulations/ros2_sims_ws/install/rclrs:/home/simulations/ros2_sims_ws/install/rosidl_runtime_rs:/home/user/ros2_ws/install/ros2test:/home/user/ros2_ws/install/robotiq_85_driver:/opt/ros/humble _=/usr/bin/env /usr/bin/cmake --install /home/user/ros2_ws/src/manipulation_project/build/my_moveit_config
[1.424s] Level 1:colcon.colcon_core.environment:create_environment_scripts_only(my_moveit_config)
[1.446s] DEBUG:colcon.colcon_core.event_handler.log_command:Invoked command in '/home/user/ros2_ws/src/manipulation_project/build/my_moveit_config' returned '0': CMAKE_PREFIX_PATH=${CMAKE_PREFIX_PATH}:/home/simulations/ros2_sims_ws/install/rclrs_tests:/home/simulations/ros2_sims_ws/install/examples_rclrs_minimal_client_service:/home/simulations/ros2_sims_ws/install/sensor_msgs_py:/home/simulations/ros2_sims_ws/install/examples_rclrs_minimal_pub_sub:/home/simulations/ros2_sims_ws/install/examples_rclrs_message_demo:/home/simulations/ros2_sims_ws/install/rclrs:/home/simulations/ros2_sims_ws/install/rosidl_runtime_rs:/home/user/ros2_ws/install/ros2test:/home/user/ros2_ws/install/robotiq_85_driver:/opt/ros/humble _=/usr/bin/env /usr/bin/cmake --install /home/user/ros2_ws/src/manipulation_project/build/my_moveit_config
[1.449s] Level 1:colcon.colcon_core.environment:checking '/home/user/ros2_ws/src/manipulation_project/install/my_moveit_config' for CMake module files
[1.450s] Level 1:colcon.colcon_core.environment:checking '/home/user/ros2_ws/src/manipulation_project/install/my_moveit_config' for CMake config files
[1.451s] Level 1:colcon.colcon_core.shell:create_environment_hook('my_moveit_config', 'cmake_prefix_path')
[1.454s] INFO:colcon.colcon_core.shell:Creating environment hook '/home/user/ros2_ws/src/manipulation_project/install/my_moveit_config/share/my_moveit_config/hook/cmake_prefix_path.ps1'
[1.455s] INFO:colcon.colcon_core.shell:Creating environment descriptor '/home/user/ros2_ws/src/manipulation_project/install/my_moveit_config/share/my_moveit_config/hook/cmake_prefix_path.dsv'
[1.456s] INFO:colcon.colcon_core.shell:Creating environment hook '/home/user/ros2_ws/src/manipulation_project/install/my_moveit_config/share/my_moveit_config/hook/cmake_prefix_path.sh'
[1.457s] Level 1:colcon.colcon_core.environment:checking '/home/user/ros2_ws/src/manipulation_project/install/my_moveit_config/bin'
[1.458s] Level 1:colcon.colcon_core.environment:checking '/home/user/ros2_ws/src/manipulation_project/install/my_moveit_config/lib/pkgconfig/my_moveit_config.pc'
[1.461s] Level 1:colcon.colcon_core.environment:checking '/home/user/ros2_ws/src/manipulation_project/install/my_moveit_config/lib/python3.10/site-packages'
[1.462s] Level 1:colcon.colcon_core.environment:checking '/home/user/ros2_ws/src/manipulation_project/install/my_moveit_config/bin'
[1.465s] INFO:colcon.colcon_core.shell:Creating package script '/home/user/ros2_ws/src/manipulation_project/install/my_moveit_config/share/my_moveit_config/package.ps1'
[1.467s] INFO:colcon.colcon_core.shell:Creating package descriptor '/home/user/ros2_ws/src/manipulation_project/install/my_moveit_config/share/my_moveit_config/package.dsv'
[1.468s] INFO:colcon.colcon_core.shell:Creating package script '/home/user/ros2_ws/src/manipulation_project/install/my_moveit_config/share/my_moveit_config/package.sh'
[1.469s] INFO:colcon.colcon_core.shell:Creating package script '/home/user/ros2_ws/src/manipulation_project/install/my_moveit_config/share/my_moveit_config/package.bash'
[1.470s] INFO:colcon.colcon_core.shell:Creating package script '/home/user/ros2_ws/src/manipulation_project/install/my_moveit_config/share/my_moveit_config/package.zsh'
[1.472s] Level 1:colcon.colcon_core.environment:create_file_with_runtime_dependencies(/home/user/ros2_ws/src/manipulation_project/install/my_moveit_config/share/colcon-core/packages/my_moveit_config)
[1.677s] Level 1:colcon.colcon_core.environment:create_environment_scripts_only(my_moveit_config)
[1.681s] Level 1:colcon.colcon_core.environment:checking '/home/user/ros2_ws/src/manipulation_project/install/my_moveit_config' for CMake module files
[1.682s] Level 1:colcon.colcon_core.environment:checking '/home/user/ros2_ws/src/manipulation_project/install/my_moveit_config' for CMake config files
[1.709s] Level 1:colcon.colcon_core.shell:create_environment_hook('my_moveit_config', 'cmake_prefix_path')
[1.712s] INFO:colcon.colcon_core.shell:Creating environment hook '/home/user/ros2_ws/src/manipulation_project/install/my_moveit_config/share/my_moveit_config/hook/cmake_prefix_path.ps1'
[1.713s] INFO:colcon.colcon_core.shell:Creating environment descriptor '/home/user/ros2_ws/src/manipulation_project/install/my_moveit_config/share/my_moveit_config/hook/cmake_prefix_path.dsv'
[1.714s] INFO:colcon.colcon_core.shell:Creating environment hook '/home/user/ros2_ws/src/manipulation_project/install/my_moveit_config/share/my_moveit_config/hook/cmake_prefix_path.sh'
[1.715s] Level 1:colcon.colcon_core.environment:checking '/home/user/ros2_ws/src/manipulation_project/install/my_moveit_config/bin'
[1.715s] Level 1:colcon.colcon_core.environment:checking '/home/user/ros2_ws/src/manipulation_project/install/my_moveit_config/lib/pkgconfig/my_moveit_config.pc'
[1.716s] Level 1:colcon.colcon_core.environment:checking '/home/user/ros2_ws/src/manipulation_project/install/my_moveit_config/lib/python3.10/site-packages'
[1.716s] Level 1:colcon.colcon_core.environment:checking '/home/user/ros2_ws/src/manipulation_project/install/my_moveit_config/bin'
[1.721s] INFO:colcon.colcon_core.shell:Creating package script '/home/user/ros2_ws/src/manipulation_project/install/my_moveit_config/share/my_moveit_config/package.ps1'
[1.722s] INFO:colcon.colcon_core.shell:Creating package descriptor '/home/user/ros2_ws/src/manipulation_project/install/my_moveit_config/share/my_moveit_config/package.dsv'
[1.722s] INFO:colcon.colcon_core.shell:Creating package script '/home/user/ros2_ws/src/manipulation_project/install/my_moveit_config/share/my_moveit_config/package.sh'
[1.723s] INFO:colcon.colcon_core.shell:Creating package script '/home/user/ros2_ws/src/manipulation_project/install/my_moveit_config/share/my_moveit_config/package.bash'
[1.724s] INFO:colcon.colcon_core.shell:Creating package script '/home/user/ros2_ws/src/manipulation_project/install/my_moveit_config/share/my_moveit_config/package.zsh'
[1.725s] Level 1:colcon.colcon_core.environment:create_file_with_runtime_dependencies(/home/user/ros2_ws/src/manipulation_project/install/my_moveit_config/share/colcon-core/packages/my_moveit_config)
[15.589s] DEBUG:colcon.colcon_core.event_handler.log_command:Invoked command in '/home/user/ros2_ws/src/manipulation_project/build/moveit2_scripts' returned '0': CMAKE_PREFIX_PATH=${CMAKE_PREFIX_PATH}:/home/simulations/ros2_sims_ws/install/rclrs_tests:/home/simulations/ros2_sims_ws/install/examples_rclrs_minimal_client_service:/home/simulations/ros2_sims_ws/install/sensor_msgs_py:/home/simulations/ros2_sims_ws/install/examples_rclrs_minimal_pub_sub:/home/simulations/ros2_sims_ws/install/examples_rclrs_message_demo:/home/simulations/ros2_sims_ws/install/rclrs:/home/simulations/ros2_sims_ws/install/rosidl_runtime_rs:/home/user/ros2_ws/install/ros2test:/home/user/ros2_ws/install/robotiq_85_driver:/opt/ros/humble _=/usr/bin/env /usr/bin/cmake --build /home/user/ros2_ws/src/manipulation_project/build/moveit2_scripts -- -j8 -l8
[15.711s] DEBUG:colcon.colcon_core.event_handler.log_command:Invoking command in '/home/user/ros2_ws/src/manipulation_project/build/moveit2_scripts': CMAKE_PREFIX_PATH=${CMAKE_PREFIX_PATH}:/home/simulations/ros2_sims_ws/install/rclrs_tests:/home/simulations/ros2_sims_ws/install/examples_rclrs_minimal_client_service:/home/simulations/ros2_sims_ws/install/sensor_msgs_py:/home/simulations/ros2_sims_ws/install/examples_rclrs_minimal_pub_sub:/home/simulations/ros2_sims_ws/install/examples_rclrs_message_demo:/home/simulations/ros2_sims_ws/install/rclrs:/home/simulations/ros2_sims_ws/install/rosidl_runtime_rs:/home/user/ros2_ws/install/ros2test:/home/user/ros2_ws/install/robotiq_85_driver:/opt/ros/humble _=/usr/bin/env /usr/bin/cmake --install /home/user/ros2_ws/src/manipulation_project/build/moveit2_scripts
[15.735s] Level 1:colcon.colcon_core.environment:create_environment_scripts_only(moveit2_scripts)
[15.739s] Level 1:colcon.colcon_core.environment:checking '/home/user/ros2_ws/src/manipulation_project/install/moveit2_scripts' for CMake module files
[15.742s] DEBUG:colcon.colcon_core.event_handler.log_command:Invoked command in '/home/user/ros2_ws/src/manipulation_project/build/moveit2_scripts' returned '0': CMAKE_PREFIX_PATH=${CMAKE_PREFIX_PATH}:/home/simulations/ros2_sims_ws/install/rclrs_tests:/home/simulations/ros2_sims_ws/install/examples_rclrs_minimal_client_service:/home/simulations/ros2_sims_ws/install/sensor_msgs_py:/home/simulations/ros2_sims_ws/install/examples_rclrs_minimal_pub_sub:/home/simulations/ros2_sims_ws/install/examples_rclrs_message_demo:/home/simulations/ros2_sims_ws/install/rclrs:/home/simulations/ros2_sims_ws/install/rosidl_runtime_rs:/home/user/ros2_ws/install/ros2test:/home/user/ros2_ws/install/robotiq_85_driver:/opt/ros/humble _=/usr/bin/env /usr/bin/cmake --install /home/user/ros2_ws/src/manipulation_project/build/moveit2_scripts
[15.743s] Level 1:colcon.colcon_core.environment:checking '/home/user/ros2_ws/src/manipulation_project/install/moveit2_scripts' for CMake config files
[15.743s] Level 1:colcon.colcon_core.shell:create_environment_hook('moveit2_scripts', 'cmake_prefix_path')
[15.745s] INFO:colcon.colcon_core.shell:Creating environment hook '/home/user/ros2_ws/src/manipulation_project/install/moveit2_scripts/share/moveit2_scripts/hook/cmake_prefix_path.ps1'
[15.746s] INFO:colcon.colcon_core.shell:Creating environment descriptor '/home/user/ros2_ws/src/manipulation_project/install/moveit2_scripts/share/moveit2_scripts/hook/cmake_prefix_path.dsv'
[15.746s] INFO:colcon.colcon_core.shell:Creating environment hook '/home/user/ros2_ws/src/manipulation_project/install/moveit2_scripts/share/moveit2_scripts/hook/cmake_prefix_path.sh'
[15.747s] Level 1:colcon.colcon_core.environment:checking '/home/user/ros2_ws/src/manipulation_project/install/moveit2_scripts/lib'
[15.747s] Level 1:colcon.colcon_core.environment:checking '/home/user/ros2_ws/src/manipulation_project/install/moveit2_scripts/bin'
[15.747s] Level 1:colcon.colcon_core.environment:checking '/home/user/ros2_ws/src/manipulation_project/install/moveit2_scripts/lib/pkgconfig/moveit2_scripts.pc'
[15.747s] Level 1:colcon.colcon_core.environment:checking '/home/user/ros2_ws/src/manipulation_project/install/moveit2_scripts/lib/python3.10/site-packages'
[15.748s] Level 1:colcon.colcon_core.environment:checking '/home/user/ros2_ws/src/manipulation_project/install/moveit2_scripts/bin'
[15.750s] INFO:colcon.colcon_core.shell:Creating package script '/home/user/ros2_ws/src/manipulation_project/install/moveit2_scripts/share/moveit2_scripts/package.ps1'
[15.750s] INFO:colcon.colcon_core.shell:Creating package descriptor '/home/user/ros2_ws/src/manipulation_project/install/moveit2_scripts/share/moveit2_scripts/package.dsv'
[15.751s] INFO:colcon.colcon_core.shell:Creating package script '/home/user/ros2_ws/src/manipulation_project/install/moveit2_scripts/share/moveit2_scripts/package.sh'
[15.751s] INFO:colcon.colcon_core.shell:Creating package script '/home/user/ros2_ws/src/manipulation_project/install/moveit2_scripts/share/moveit2_scripts/package.bash'
[15.752s] INFO:colcon.colcon_core.shell:Creating package script '/home/user/ros2_ws/src/manipulation_project/install/moveit2_scripts/share/moveit2_scripts/package.zsh'
[15.752s] Level 1:colcon.colcon_core.environment:create_file_with_runtime_dependencies(/home/user/ros2_ws/src/manipulation_project/install/moveit2_scripts/share/colcon-core/packages/moveit2_scripts)
[15.880s] Level 1:colcon.colcon_core.environment:create_environment_scripts_only(moveit2_scripts)
[15.884s] Level 1:colcon.colcon_core.environment:checking '/home/user/ros2_ws/src/manipulation_project/install/moveit2_scripts' for CMake module files
[15.885s] Level 1:colcon.colcon_core.environment:checking '/home/user/ros2_ws/src/manipulation_project/install/moveit2_scripts' for CMake config files
[15.885s] Level 1:colcon.colcon_core.shell:create_environment_hook('moveit2_scripts', 'cmake_prefix_path')
[15.888s] INFO:colcon.colcon_core.shell:Creating environment hook '/home/user/ros2_ws/src/manipulation_project/install/moveit2_scripts/share/moveit2_scripts/hook/cmake_prefix_path.ps1'
[15.888s] INFO:colcon.colcon_core.shell:Creating environment descriptor '/home/user/ros2_ws/src/manipulation_project/install/moveit2_scripts/share/moveit2_scripts/hook/cmake_prefix_path.dsv'
[15.889s] INFO:colcon.colcon_core.shell:Creating environment hook '/home/user/ros2_ws/src/manipulation_project/install/moveit2_scripts/share/moveit2_scripts/hook/cmake_prefix_path.sh'
[15.889s] Level 1:colcon.colcon_core.environment:checking '/home/user/ros2_ws/src/manipulation_project/install/moveit2_scripts/lib'
[15.890s] Level 1:colcon.colcon_core.environment:checking '/home/user/ros2_ws/src/manipulation_project/install/moveit2_scripts/bin'
[15.890s] Level 1:colcon.colcon_core.environment:checking '/home/user/ros2_ws/src/manipulation_project/install/moveit2_scripts/lib/pkgconfig/moveit2_scripts.pc'
[15.890s] Level 1:colcon.colcon_core.environment:checking '/home/user/ros2_ws/src/manipulation_project/install/moveit2_scripts/lib/python3.10/site-packages'
[15.890s] Level 1:colcon.colcon_core.environment:checking '/home/user/ros2_ws/src/manipulation_project/install/moveit2_scripts/bin'
[15.893s] INFO:colcon.colcon_core.shell:Creating package script '/home/user/ros2_ws/src/manipulation_project/install/moveit2_scripts/share/moveit2_scripts/package.ps1'
[15.894s] INFO:colcon.colcon_core.shell:Creating package descriptor '/home/user/ros2_ws/src/manipulation_project/install/moveit2_scripts/share/moveit2_scripts/package.dsv'
[15.894s] INFO:colcon.colcon_core.shell:Creating package script '/home/user/ros2_ws/src/manipulation_project/install/moveit2_scripts/share/moveit2_scripts/package.sh'
[15.895s] INFO:colcon.colcon_core.shell:Creating package script '/home/user/ros2_ws/src/manipulation_project/install/moveit2_scripts/share/moveit2_scripts/package.bash'
[15.896s] INFO:colcon.colcon_core.shell:Creating package script '/home/user/ros2_ws/src/manipulation_project/install/moveit2_scripts/share/moveit2_scripts/package.zsh'
[15.896s] Level 1:colcon.colcon_core.environment:create_file_with_runtime_dependencies(/home/user/ros2_ws/src/manipulation_project/install/moveit2_scripts/share/colcon-core/packages/moveit2_scripts)
[15.897s] DEBUG:colcon.colcon_parallel_executor.executor.parallel:closing loop
[15.898s] DEBUG:colcon.colcon_parallel_executor.executor.parallel:loop closed
[15.898s] DEBUG:colcon.colcon_parallel_executor.executor.parallel:run_until_complete finished with '0'
[15.898s] DEBUG:colcon.colcon_core.event_reactor:joining thread
[15.907s] INFO:colcon.colcon_core.plugin_system:Skipping extension 'colcon_notification.desktop_notification.notify_send': Could not find 'notify-send'
[15.908s] INFO:colcon.colcon_core.plugin_system:Skipping extension 'colcon_notification.desktop_notification.terminal_notifier': Not used on non-Darwin systems
[15.908s] INFO:colcon.colcon_core.plugin_system:Skipping extension 'colcon_notification.desktop_notification.win32': Not used on non-Windows systems
[15.908s] INFO:colcon.colcon_notification.desktop_notification:Sending desktop notification using 'notify2'
[15.917s] DEBUG:colcon.colcon_notification.desktop_notification.notify2:Failed to initialize notify2: org.freedesktop.DBus.Error.Spawn.ExecFailed: /usr/bin/dbus-launch terminated abnormally without any error message
[15.918s] DEBUG:colcon.colcon_core.event_reactor:joined thread
[15.923s] INFO:colcon.colcon_core.shell:Creating prefix script '/home/user/ros2_ws/src/manipulation_project/install/local_setup.ps1'
[15.925s] INFO:colcon.colcon_core.shell:Creating prefix util module '/home/user/ros2_ws/src/manipulation_project/install/_local_setup_util_ps1.py'
[15.928s] INFO:colcon.colcon_core.shell:Creating prefix chain script '/home/user/ros2_ws/src/manipulation_project/install/setup.ps1'
[15.936s] INFO:colcon.colcon_core.shell:Creating prefix script '/home/user/ros2_ws/src/manipulation_project/install/local_setup.sh'
[15.937s] INFO:colcon.colcon_core.shell:Creating prefix util module '/home/user/ros2_ws/src/manipulation_project/install/_local_setup_util_sh.py'
[15.937s] INFO:colcon.colcon_core.shell:Creating prefix chain script '/home/user/ros2_ws/src/manipulation_project/install/setup.sh'
[15.948s] INFO:colcon.colcon_core.shell:Creating prefix script '/home/user/ros2_ws/src/manipulation_project/install/local_setup.bash'
[15.949s] INFO:colcon.colcon_core.shell:Creating prefix chain script '/home/user/ros2_ws/src/manipulation_project/install/setup.bash'
[15.957s] INFO:colcon.colcon_core.shell:Creating prefix script '/home/user/ros2_ws/src/manipulation_project/install/local_setup.zsh'
[15.958s] INFO:colcon.colcon_core.shell:Creating prefix chain script '/home/user/ros2_ws/src/manipulation_project/install/setup.zsh'
