[0.872s] DEBUG:colcon:Command line arguments: ['/usr/bin/colcon', 'build', '--packages-select', 'moveit2_scripts', 'my_moveit_config']
[0.873s] DEBUG:colcon:Parsed command line arguments: Namespace(log_base=None, log_level=None, verb_name='build', build_base='build', install_base='install', merge_install=False, symlink_install=False, test_result_base=None, continue_on_error=False, executor='parallel', parallel_workers=8, event_handlers=None, ignore_user_meta=False, metas=['./colcon.meta'], base_paths=['.'], packages_ignore=None, packages_ignore_regex=None, paths=None, packages_up_to=None, packages_up_to_regex=None, packages_above=None, packages_above_and_dependencies=None, packages_above_depth=None, packages_select_by_dep=None, packages_skip_by_dep=None, packages_skip_up_to=None, packages_select_build_failed=False, packages_skip_build_finished=False, packages_select_test_failures=False, packages_skip_test_passed=False, packages_select=['moveit2_scripts', 'my_moveit_config'], packages_skip=None, packages_select_regex=None, packages_skip_regex=None, packages_start=None, packages_end=None, lookup_in_workspace=False, cargo_args=None, clean_build=False, cmake_args=None, cmake_target=None, cmake_target_skip_unavailable=False, cmake_clean_cache=False, cmake_clean_first=False, cmake_force_configure=False, ament_cmake_args=None, catkin_cmake_args=None, catkin_skip_building_tests=False, mixin_files=None, mixin=None, verb_parser=<colcon_mixin.mixin.mixin_argument.MixinArgumentDecorator object at 0x7f5d4462c820>, verb_extension=<colcon_core.verb.build.BuildVerb object at 0x7f5d44fb79a0>, main=<bound method BuildVerb.main of <colcon_core.verb.build.BuildVerb object at 0x7f5d44fb79a0>>, mixin_verb=('build',))
[0.927s] Level 1:colcon.colcon_core.package_discovery:discover_packages(colcon_meta) check parameters
[0.927s] Level 1:colcon.colcon_core.package_discovery:discover_packages(recursive) check parameters
[0.927s] Level 1:colcon.colcon_core.package_discovery:discover_packages(ignore) check parameters
[0.927s] Level 1:colcon.colcon_core.package_discovery:discover_packages(path) check parameters
[0.927s] Level 1:colcon.colcon_core.package_discovery:discover_packages(colcon_meta) discover
[0.927s] Level 1:colcon.colcon_core.package_discovery:discover_packages(recursive) discover
[0.927s] INFO:colcon.colcon_core.package_discovery:Crawling recursively for packages in '/home/user/ros2_ws/src/manipulation_project'
[0.927s] Level 1:colcon.colcon_core.package_identification:_identify(.) by extensions ['ignore', 'ignore_ament_install']
[0.928s] Level 1:colcon.colcon_core.package_identification:_identify(.) by extension 'ignore'
[0.928s] Level 1:colcon.colcon_core.package_identification:_identify(.) by extension 'ignore_ament_install'
[0.928s] Level 1:colcon.colcon_core.package_identification:_identify(.) by extensions ['colcon_pkg']
[0.928s] Level 1:colcon.colcon_core.package_identification:_identify(.) by extension 'colcon_pkg'
[0.928s] Level 1:colcon.colcon_core.package_identification:_identify(.) by extensions ['colcon_meta']
[0.928s] Level 1:colcon.colcon_core.package_identification:_identify(.) by extension 'colcon_meta'
[0.928s] Level 1:colcon.colcon_core.package_identification:_identify(.) by extensions ['ament_cargo']
[0.928s] Level 1:colcon.colcon_core.package_identification:_identify(.) by extension 'ament_cargo'
[0.929s] Level 1:colcon.colcon_core.package_identification:_identify(.) by extensions ['ros']
[0.929s] Level 1:colcon.colcon_core.package_identification:_identify(.) by extension 'ros'
[0.951s] Level 1:colcon.colcon_core.package_identification:_identify(.) by extensions ['cargo', 'cmake', 'python']
[0.951s] Level 1:colcon.colcon_core.package_identification:_identify(.) by extension 'cargo'
[0.951s] Level 1:colcon.colcon_core.package_identification:_identify(.) by extension 'cmake'
[0.951s] Level 1:colcon.colcon_core.package_identification:_identify(.) by extension 'python'
[0.951s] Level 1:colcon.colcon_core.package_identification:_identify(.) by extensions ['python_setup_py']
[0.951s] Level 1:colcon.colcon_core.package_identification:_identify(.) by extension 'python_setup_py'
[0.952s] Level 1:colcon.colcon_core.package_identification:_identify(build) by extensions ['ignore', 'ignore_ament_install']
[0.952s] Level 1:colcon.colcon_core.package_identification:_identify(build) by extension 'ignore'
[0.952s] Level 1:colcon.colcon_core.package_identification:_identify(build) ignored
[0.952s] Level 1:colcon.colcon_core.package_identification:_identify(install) by extensions ['ignore', 'ignore_ament_install']
[0.952s] Level 1:colcon.colcon_core.package_identification:_identify(install) by extension 'ignore'
[0.952s] Level 1:colcon.colcon_core.package_identification:_identify(install) ignored
[0.953s] Level 1:colcon.colcon_core.package_identification:_identify(log) by extensions ['ignore', 'ignore_ament_install']
[0.953s] Level 1:colcon.colcon_core.package_identification:_identify(log) by extension 'ignore'
[0.953s] Level 1:colcon.colcon_core.package_identification:_identify(log) ignored
[0.953s] Level 1:colcon.colcon_core.package_identification:_identify(moveit2_scripts) by extensions ['ignore', 'ignore_ament_install']
[0.953s] Level 1:colcon.colcon_core.package_identification:_identify(moveit2_scripts) by extension 'ignore'
[0.953s] Level 1:colcon.colcon_core.package_identification:_identify(moveit2_scripts) by extension 'ignore_ament_install'
[0.954s] Level 1:colcon.colcon_core.package_identification:_identify(moveit2_scripts) by extensions ['colcon_pkg']
[0.954s] Level 1:colcon.colcon_core.package_identification:_identify(moveit2_scripts) by extension 'colcon_pkg'
[0.954s] Level 1:colcon.colcon_core.package_identification:_identify(moveit2_scripts) by extensions ['colcon_meta']
[0.954s] Level 1:colcon.colcon_core.package_identification:_identify(moveit2_scripts) by extension 'colcon_meta'
[0.954s] Level 1:colcon.colcon_core.package_identification:_identify(moveit2_scripts) by extensions ['ament_cargo']
[0.954s] Level 1:colcon.colcon_core.package_identification:_identify(moveit2_scripts) by extension 'ament_cargo'
[0.954s] Level 1:colcon.colcon_core.package_identification:_identify(moveit2_scripts) by extensions ['ros']
[0.954s] Level 1:colcon.colcon_core.package_identification:_identify(moveit2_scripts) by extension 'ros'
[0.960s] DEBUG:colcon.colcon_core.package_identification:Package 'moveit2_scripts' with type 'ros.ament_cmake' and name 'moveit2_scripts'
[0.960s] Level 1:colcon.colcon_core.package_identification:_identify(my_moveit_config) by extensions ['ignore', 'ignore_ament_install']
[0.960s] Level 1:colcon.colcon_core.package_identification:_identify(my_moveit_config) by extension 'ignore'
[0.960s] Level 1:colcon.colcon_core.package_identification:_identify(my_moveit_config) by extension 'ignore_ament_install'
[0.960s] Level 1:colcon.colcon_core.package_identification:_identify(my_moveit_config) by extensions ['colcon_pkg']
[0.960s] Level 1:colcon.colcon_core.package_identification:_identify(my_moveit_config) by extension 'colcon_pkg'
[0.960s] Level 1:colcon.colcon_core.package_identification:_identify(my_moveit_config) by extensions ['colcon_meta']
[0.960s] Level 1:colcon.colcon_core.package_identification:_identify(my_moveit_config) by extension 'colcon_meta'
[0.961s] Level 1:colcon.colcon_core.package_identification:_identify(my_moveit_config) by extensions ['ament_cargo']
[0.961s] Level 1:colcon.colcon_core.package_identification:_identify(my_moveit_config) by extension 'ament_cargo'
[0.961s] Level 1:colcon.colcon_core.package_identification:_identify(my_moveit_config) by extensions ['ros']
[0.961s] Level 1:colcon.colcon_core.package_identification:_identify(my_moveit_config) by extension 'ros'
[0.962s] DEBUG:colcon.colcon_core.package_identification:Package 'my_moveit_config' with type 'ros.ament_cmake' and name 'my_moveit_config'
[0.962s] Level 1:colcon.colcon_core.package_identification:_identify(real_moveit_config) by extensions ['ignore', 'ignore_ament_install']
[0.962s] Level 1:colcon.colcon_core.package_identification:_identify(real_moveit_config) by extension 'ignore'
[0.962s] Level 1:colcon.colcon_core.package_identification:_identify(real_moveit_config) by extension 'ignore_ament_install'
[0.963s] Level 1:colcon.colcon_core.package_identification:_identify(real_moveit_config) by extensions ['colcon_pkg']
[0.963s] Level 1:colcon.colcon_core.package_identification:_identify(real_moveit_config) by extension 'colcon_pkg'
[0.963s] Level 1:colcon.colcon_core.package_identification:_identify(real_moveit_config) by extensions ['colcon_meta']
[0.963s] Level 1:colcon.colcon_core.package_identification:_identify(real_moveit_config) by extension 'colcon_meta'
[0.963s] Level 1:colcon.colcon_core.package_identification:_identify(real_moveit_config) by extensions ['ament_cargo']
[0.963s] Level 1:colcon.colcon_core.package_identification:_identify(real_moveit_config) by extension 'ament_cargo'
[0.963s] Level 1:colcon.colcon_core.package_identification:_identify(real_moveit_config) by extensions ['ros']
[0.963s] Level 1:colcon.colcon_core.package_identification:_identify(real_moveit_config) by extension 'ros'
[0.964s] DEBUG:colcon.colcon_core.package_identification:Package 'real_moveit_config' with type 'ros.ament_cmake' and name 'real_moveit_config'
[0.965s] Level 1:colcon.colcon_core.package_discovery:discover_packages(recursive) using defaults
[0.965s] Level 1:colcon.colcon_core.package_discovery:discover_packages(ignore) discover
[0.965s] Level 1:colcon.colcon_core.package_discovery:discover_packages(ignore) using defaults
[0.965s] Level 1:colcon.colcon_core.package_discovery:discover_packages(path) discover
[0.965s] Level 1:colcon.colcon_core.package_discovery:discover_packages(path) using defaults
[1.015s] INFO:colcon.colcon_core.package_selection:Skipping not selected package 'real_moveit_config' in 'real_moveit_config'
[1.021s] Level 5:colcon.colcon_core.verb:set package 'moveit2_scripts' build argument 'lookup_in_workspace' from command line to 'False'
[1.021s] Level 5:colcon.colcon_core.verb:set package 'moveit2_scripts' build argument 'cargo_args' from command line to 'None'
[1.021s] Level 5:colcon.colcon_core.verb:set package 'moveit2_scripts' build argument 'clean_build' from command line to 'False'
[1.022s] Level 5:colcon.colcon_core.verb:set package 'moveit2_scripts' build argument 'cmake_args' from command line to 'None'
[1.022s] Level 5:colcon.colcon_core.verb:set package 'moveit2_scripts' build argument 'cmake_target' from command line to 'None'
[1.022s] Level 5:colcon.colcon_core.verb:set package 'moveit2_scripts' build argument 'cmake_target_skip_unavailable' from command line to 'False'
[1.022s] Level 5:colcon.colcon_core.verb:set package 'moveit2_scripts' build argument 'cmake_clean_cache' from command line to 'False'
[1.022s] Level 5:colcon.colcon_core.verb:set package 'moveit2_scripts' build argument 'cmake_clean_first' from command line to 'False'
[1.022s] Level 5:colcon.colcon_core.verb:set package 'moveit2_scripts' build argument 'cmake_force_configure' from command line to 'False'
[1.022s] Level 5:colcon.colcon_core.verb:set package 'moveit2_scripts' build argument 'ament_cmake_args' from command line to 'None'
[1.022s] Level 5:colcon.colcon_core.verb:set package 'moveit2_scripts' build argument 'catkin_cmake_args' from command line to 'None'
[1.022s] Level 5:colcon.colcon_core.verb:set package 'moveit2_scripts' build argument 'catkin_skip_building_tests' from command line to 'False'
[1.022s] DEBUG:colcon.colcon_core.verb:Building package 'moveit2_scripts' with the following arguments: {'ament_cmake_args': None, 'build_base': '/home/user/ros2_ws/src/manipulation_project/build/moveit2_scripts', 'cargo_args': None, 'catkin_cmake_args': None, 'catkin_skip_building_tests': False, 'clean_build': False, 'cmake_args': None, 'cmake_clean_cache': False, 'cmake_clean_first': False, 'cmake_force_configure': False, 'cmake_target': None, 'cmake_target_skip_unavailable': False, 'install_base': '/home/user/ros2_ws/src/manipulation_project/install/moveit2_scripts', 'lookup_in_workspace': False, 'merge_install': False, 'path': '/home/user/ros2_ws/src/manipulation_project/moveit2_scripts', 'symlink_install': False, 'test_result_base': None}
[1.028s] Level 5:colcon.colcon_core.verb:set package 'my_moveit_config' build argument 'lookup_in_workspace' from command line to 'False'
[1.028s] Level 5:colcon.colcon_core.verb:set package 'my_moveit_config' build argument 'cargo_args' from command line to 'None'
[1.028s] Level 5:colcon.colcon_core.verb:set package 'my_moveit_config' build argument 'clean_build' from command line to 'False'
[1.028s] Level 5:colcon.colcon_core.verb:set package 'my_moveit_config' build argument 'cmake_args' from command line to 'None'
[1.028s] Level 5:colcon.colcon_core.verb:set package 'my_moveit_config' build argument 'cmake_target' from command line to 'None'
[1.028s] Level 5:colcon.colcon_core.verb:set package 'my_moveit_config' build argument 'cmake_target_skip_unavailable' from command line to 'False'
[1.029s] Level 5:colcon.colcon_core.verb:set package 'my_moveit_config' build argument 'cmake_clean_cache' from command line to 'False'
[1.029s] Level 5:colcon.colcon_core.verb:set package 'my_moveit_config' build argument 'cmake_clean_first' from command line to 'False'
[1.029s] Level 5:colcon.colcon_core.verb:set package 'my_moveit_config' build argument 'cmake_force_configure' from command line to 'False'
[1.029s] Level 5:colcon.colcon_core.verb:set package 'my_moveit_config' build argument 'ament_cmake_args' from command line to 'None'
[1.029s] Level 5:colcon.colcon_core.verb:set package 'my_moveit_config' build argument 'catkin_cmake_args' from command line to 'None'
[1.029s] Level 5:colcon.colcon_core.verb:set package 'my_moveit_config' build argument 'catkin_skip_building_tests' from command line to 'False'
[1.029s] DEBUG:colcon.colcon_core.verb:Building package 'my_moveit_config' with the following arguments: {'ament_cmake_args': None, 'build_base': '/home/user/ros2_ws/src/manipulation_project/build/my_moveit_config', 'cargo_args': None, 'catkin_cmake_args': None, 'catkin_skip_building_tests': False, 'clean_build': False, 'cmake_args': None, 'cmake_clean_cache': False, 'cmake_clean_first': False, 'cmake_force_configure': False, 'cmake_target': None, 'cmake_target_skip_unavailable': False, 'install_base': '/home/user/ros2_ws/src/manipulation_project/install/my_moveit_config', 'lookup_in_workspace': False, 'merge_install': False, 'path': '/home/user/ros2_ws/src/manipulation_project/my_moveit_config', 'symlink_install': False, 'test_result_base': None}
[1.030s] INFO:colcon.colcon_core.executor:Executing jobs using 'parallel' executor
[1.042s] DEBUG:colcon.colcon_parallel_executor.executor.parallel:run_until_complete
[1.042s] INFO:colcon.colcon_ros.task.ament_cmake.build:Building ROS package in '/home/user/ros2_ws/src/manipulation_project/moveit2_scripts' with build type 'ament_cmake'
[1.044s] INFO:colcon.colcon_cmake.task.cmake.build:Building CMake package in '/home/user/ros2_ws/src/manipulation_project/moveit2_scripts'
[1.053s] INFO:colcon.colcon_core.plugin_system:Skipping extension 'colcon_core.shell.bat': Not used on non-Windows systems
[1.054s] INFO:colcon.colcon_core.shell:Skip shell extension 'powershell' for command environment: Not usable outside of PowerShell
[1.054s] DEBUG:colcon.colcon_core.shell:Skip shell extension 'dsv' for command environment
[1.070s] INFO:colcon.colcon_ros.task.ament_cmake.build:Building ROS package in '/home/user/ros2_ws/src/manipulation_project/my_moveit_config' with build type 'ament_cmake'
[1.071s] INFO:colcon.colcon_cmake.task.cmake.build:Building CMake package in '/home/user/ros2_ws/src/manipulation_project/my_moveit_config'
[1.074s] INFO:colcon.colcon_core.shell:Skip shell extension 'powershell' for command environment: Not usable outside of PowerShell
[1.074s] DEBUG:colcon.colcon_core.shell:Skip shell extension 'dsv' for command environment
[1.116s] DEBUG:colcon.colcon_core.event_handler.log_command:Invoking command in '/home/user/ros2_ws/src/manipulation_project/build/moveit2_scripts': CMAKE_PREFIX_PATH=${CMAKE_PREFIX_PATH}:/home/simulations/ros2_sims_ws/install/rclrs_tests:/home/simulations/ros2_sims_ws/install/examples_rclrs_minimal_client_service:/home/simulations/ros2_sims_ws/install/sensor_msgs_py:/home/simulations/ros2_sims_ws/install/examples_rclrs_minimal_pub_sub:/home/simulations/ros2_sims_ws/install/examples_rclrs_message_demo:/home/simulations/ros2_sims_ws/install/rclrs:/home/simulations/ros2_sims_ws/install/rosidl_runtime_rs:/home/user/ros2_ws/install/ros2test:/home/user/ros2_ws/install/robotiq_85_driver:/opt/ros/humble _=/usr/bin/env /usr/bin/cmake --build /home/user/ros2_ws/src/manipulation_project/build/moveit2_scripts -- -j8 -l8
[1.140s] DEBUG:colcon.colcon_core.event_handler.log_command:Invoking command in '/home/user/ros2_ws/src/manipulation_project/build/my_moveit_config': CMAKE_PREFIX_PATH=${CMAKE_PREFIX_PATH}:/home/simulations/ros2_sims_ws/install/rclrs_tests:/home/simulations/ros2_sims_ws/install/examples_rclrs_minimal_client_service:/home/simulations/ros2_sims_ws/install/sensor_msgs_py:/home/simulations/ros2_sims_ws/install/examples_rclrs_minimal_pub_sub:/home/simulations/ros2_sims_ws/install/examples_rclrs_message_demo:/home/simulations/ros2_sims_ws/install/rclrs:/home/simulations/ros2_sims_ws/install/rosidl_runtime_rs:/home/user/ros2_ws/install/ros2test:/home/user/ros2_ws/install/robotiq_85_driver:/opt/ros/humble _=/usr/bin/env /usr/bin/cmake --build /home/user/ros2_ws/src/manipulation_project/build/my_moveit_config -- -j8 -l8
[1.232s] DEBUG:colcon.colcon_core.event_handler.log_command:Invoked command in '/home/user/ros2_ws/src/manipulation_project/build/my_moveit_config' returned '0': CMAKE_PREFIX_PATH=${CMAKE_PREFIX_PATH}:/home/simulations/ros2_sims_ws/install/rclrs_tests:/home/simulations/ros2_sims_ws/install/examples_rclrs_minimal_client_service:/home/simulations/ros2_sims_ws/install/sensor_msgs_py:/home/simulations/ros2_sims_ws/install/examples_rclrs_minimal_pub_sub:/home/simulations/ros2_sims_ws/install/examples_rclrs_message_demo:/home/simulations/ros2_sims_ws/install/rclrs:/home/simulations/ros2_sims_ws/install/rosidl_runtime_rs:/home/user/ros2_ws/install/ros2test:/home/user/ros2_ws/install/robotiq_85_driver:/opt/ros/humble _=/usr/bin/env /usr/bin/cmake --build /home/user/ros2_ws/src/manipulation_project/build/my_moveit_config -- -j8 -l8
[1.338s] DEBUG:colcon.colcon_core.event_handler.log_command:Invoking command in '/home/user/ros2_ws/src/manipulation_project/build/my_moveit_config': CMAKE_PREFIX_PATH=${CMAKE_PREFIX_PATH}:/home/simulations/ros2_sims_ws/install/rclrs_tests:/home/simulations/ros2_sims_ws/install/examples_rclrs_minimal_client_service:/home/simulations/ros2_sims_ws/install/sensor_msgs_py:/home/simulations/ros2_sims_ws/install/examples_rclrs_minimal_pub_sub:/home/simulations/ros2_sims_ws/install/examples_rclrs_message_demo:/home/simulations/ros2_sims_ws/install/rclrs:/home/simulations/ros2_sims_ws/install/rosidl_runtime_rs:/home/user/ros2_ws/install/ros2test:/home/user/ros2_ws/install/robotiq_85_driver:/opt/ros/humble _=/usr/bin/env /usr/bin/cmake --install /home/user/ros2_ws/src/manipulation_project/build/my_moveit_config
[1.371s] Level 1:colcon.colcon_core.environment:create_environment_scripts_only(my_moveit_config)
[1.380s] DEBUG:colcon.colcon_core.event_handler.log_command:Invoked command in '/home/user/ros2_ws/src/manipulation_project/build/my_moveit_config' returned '0': CMAKE_PREFIX_PATH=${CMAKE_PREFIX_PATH}:/home/simulations/ros2_sims_ws/install/rclrs_tests:/home/simulations/ros2_sims_ws/install/examples_rclrs_minimal_client_service:/home/simulations/ros2_sims_ws/install/sensor_msgs_py:/home/simulations/ros2_sims_ws/install/examples_rclrs_minimal_pub_sub:/home/simulations/ros2_sims_ws/install/examples_rclrs_message_demo:/home/simulations/ros2_sims_ws/install/rclrs:/home/simulations/ros2_sims_ws/install/rosidl_runtime_rs:/home/user/ros2_ws/install/ros2test:/home/user/ros2_ws/install/robotiq_85_driver:/opt/ros/humble _=/usr/bin/env /usr/bin/cmake --install /home/user/ros2_ws/src/manipulation_project/build/my_moveit_config
[1.385s] Level 1:colcon.colcon_core.environment:checking '/home/user/ros2_ws/src/manipulation_project/install/my_moveit_config' for CMake module files
[1.386s] Level 1:colcon.colcon_core.environment:checking '/home/user/ros2_ws/src/manipulation_project/install/my_moveit_config' for CMake config files
[1.387s] Level 1:colcon.colcon_core.shell:create_environment_hook('my_moveit_config', 'cmake_prefix_path')
[1.389s] INFO:colcon.colcon_core.shell:Creating environment hook '/home/user/ros2_ws/src/manipulation_project/install/my_moveit_config/share/my_moveit_config/hook/cmake_prefix_path.ps1'
[1.391s] INFO:colcon.colcon_core.shell:Creating environment descriptor '/home/user/ros2_ws/src/manipulation_project/install/my_moveit_config/share/my_moveit_config/hook/cmake_prefix_path.dsv'
[1.391s] INFO:colcon.colcon_core.shell:Creating environment hook '/home/user/ros2_ws/src/manipulation_project/install/my_moveit_config/share/my_moveit_config/hook/cmake_prefix_path.sh'
[1.395s] Level 1:colcon.colcon_core.environment:checking '/home/user/ros2_ws/src/manipulation_project/install/my_moveit_config/bin'
[1.395s] Level 1:colcon.colcon_core.environment:checking '/home/user/ros2_ws/src/manipulation_project/install/my_moveit_config/lib/pkgconfig/my_moveit_config.pc'
[1.398s] Level 1:colcon.colcon_core.environment:checking '/home/user/ros2_ws/src/manipulation_project/install/my_moveit_config/lib/python3.10/site-packages'
[1.399s] Level 1:colcon.colcon_core.environment:checking '/home/user/ros2_ws/src/manipulation_project/install/my_moveit_config/bin'
[1.402s] INFO:colcon.colcon_core.shell:Creating package script '/home/user/ros2_ws/src/manipulation_project/install/my_moveit_config/share/my_moveit_config/package.ps1'
[1.403s] INFO:colcon.colcon_core.shell:Creating package descriptor '/home/user/ros2_ws/src/manipulation_project/install/my_moveit_config/share/my_moveit_config/package.dsv'
[1.404s] INFO:colcon.colcon_core.shell:Creating package script '/home/user/ros2_ws/src/manipulation_project/install/my_moveit_config/share/my_moveit_config/package.sh'
[1.406s] INFO:colcon.colcon_core.shell:Creating package script '/home/user/ros2_ws/src/manipulation_project/install/my_moveit_config/share/my_moveit_config/package.bash'
[1.407s] INFO:colcon.colcon_core.shell:Creating package script '/home/user/ros2_ws/src/manipulation_project/install/my_moveit_config/share/my_moveit_config/package.zsh'
[1.408s] Level 1:colcon.colcon_core.environment:create_file_with_runtime_dependencies(/home/user/ros2_ws/src/manipulation_project/install/my_moveit_config/share/colcon-core/packages/my_moveit_config)
[1.510s] DEBUG:colcon.colcon_core.event_handler.log_command:Invoked command in '/home/user/ros2_ws/src/manipulation_project/build/moveit2_scripts' returned '0': CMAKE_PREFIX_PATH=${CMAKE_PREFIX_PATH}:/home/simulations/ros2_sims_ws/install/rclrs_tests:/home/simulations/ros2_sims_ws/install/examples_rclrs_minimal_client_service:/home/simulations/ros2_sims_ws/install/sensor_msgs_py:/home/simulations/ros2_sims_ws/install/examples_rclrs_minimal_pub_sub:/home/simulations/ros2_sims_ws/install/examples_rclrs_message_demo:/home/simulations/ros2_sims_ws/install/rclrs:/home/simulations/ros2_sims_ws/install/rosidl_runtime_rs:/home/user/ros2_ws/install/ros2test:/home/user/ros2_ws/install/robotiq_85_driver:/opt/ros/humble _=/usr/bin/env /usr/bin/cmake --build /home/user/ros2_ws/src/manipulation_project/build/moveit2_scripts -- -j8 -l8
[1.561s] Level 1:colcon.colcon_core.environment:create_environment_scripts_only(my_moveit_config)
[1.565s] Level 1:colcon.colcon_core.environment:checking '/home/user/ros2_ws/src/manipulation_project/install/my_moveit_config' for CMake module files
[1.572s] Level 1:colcon.colcon_core.environment:checking '/home/user/ros2_ws/src/manipulation_project/install/my_moveit_config' for CMake config files
[1.573s] Level 1:colcon.colcon_core.shell:create_environment_hook('my_moveit_config', 'cmake_prefix_path')
[1.576s] INFO:colcon.colcon_core.shell:Creating environment hook '/home/user/ros2_ws/src/manipulation_project/install/my_moveit_config/share/my_moveit_config/hook/cmake_prefix_path.ps1'
[1.577s] INFO:colcon.colcon_core.shell:Creating environment descriptor '/home/user/ros2_ws/src/manipulation_project/install/my_moveit_config/share/my_moveit_config/hook/cmake_prefix_path.dsv'
[1.577s] INFO:colcon.colcon_core.shell:Creating environment hook '/home/user/ros2_ws/src/manipulation_project/install/my_moveit_config/share/my_moveit_config/hook/cmake_prefix_path.sh'
[1.578s] Level 1:colcon.colcon_core.environment:checking '/home/user/ros2_ws/src/manipulation_project/install/my_moveit_config/bin'
[1.578s] Level 1:colcon.colcon_core.environment:checking '/home/user/ros2_ws/src/manipulation_project/install/my_moveit_config/lib/pkgconfig/my_moveit_config.pc'
[1.579s] Level 1:colcon.colcon_core.environment:checking '/home/user/ros2_ws/src/manipulation_project/install/my_moveit_config/lib/python3.10/site-packages'
[1.579s] Level 1:colcon.colcon_core.environment:checking '/home/user/ros2_ws/src/manipulation_project/install/my_moveit_config/bin'
[1.582s] INFO:colcon.colcon_core.shell:Creating package script '/home/user/ros2_ws/src/manipulation_project/install/my_moveit_config/share/my_moveit_config/package.ps1'
[1.583s] INFO:colcon.colcon_core.shell:Creating package descriptor '/home/user/ros2_ws/src/manipulation_project/install/my_moveit_config/share/my_moveit_config/package.dsv'
[1.584s] INFO:colcon.colcon_core.shell:Creating package script '/home/user/ros2_ws/src/manipulation_project/install/my_moveit_config/share/my_moveit_config/package.sh'
[1.585s] INFO:colcon.colcon_core.shell:Creating package script '/home/user/ros2_ws/src/manipulation_project/install/my_moveit_config/share/my_moveit_config/package.bash'
[1.586s] INFO:colcon.colcon_core.shell:Creating package script '/home/user/ros2_ws/src/manipulation_project/install/my_moveit_config/share/my_moveit_config/package.zsh'
[1.586s] Level 1:colcon.colcon_core.environment:create_file_with_runtime_dependencies(/home/user/ros2_ws/src/manipulation_project/install/my_moveit_config/share/colcon-core/packages/my_moveit_config)
[1.666s] DEBUG:colcon.colcon_core.event_handler.log_command:Invoking command in '/home/user/ros2_ws/src/manipulation_project/build/moveit2_scripts': CMAKE_PREFIX_PATH=${CMAKE_PREFIX_PATH}:/home/simulations/ros2_sims_ws/install/rclrs_tests:/home/simulations/ros2_sims_ws/install/examples_rclrs_minimal_client_service:/home/simulations/ros2_sims_ws/install/sensor_msgs_py:/home/simulations/ros2_sims_ws/install/examples_rclrs_minimal_pub_sub:/home/simulations/ros2_sims_ws/install/examples_rclrs_message_demo:/home/simulations/ros2_sims_ws/install/rclrs:/home/simulations/ros2_sims_ws/install/rosidl_runtime_rs:/home/user/ros2_ws/install/ros2test:/home/user/ros2_ws/install/robotiq_85_driver:/opt/ros/humble _=/usr/bin/env /usr/bin/cmake --install /home/user/ros2_ws/src/manipulation_project/build/moveit2_scripts
[1.687s] Level 1:colcon.colcon_core.environment:create_environment_scripts_only(moveit2_scripts)
[1.691s] Level 1:colcon.colcon_core.environment:checking '/home/user/ros2_ws/src/manipulation_project/install/moveit2_scripts' for CMake module files
[1.694s] DEBUG:colcon.colcon_core.event_handler.log_command:Invoked command in '/home/user/ros2_ws/src/manipulation_project/build/moveit2_scripts' returned '0': CMAKE_PREFIX_PATH=${CMAKE_PREFIX_PATH}:/home/simulations/ros2_sims_ws/install/rclrs_tests:/home/simulations/ros2_sims_ws/install/examples_rclrs_minimal_client_service:/home/simulations/ros2_sims_ws/install/sensor_msgs_py:/home/simulations/ros2_sims_ws/install/examples_rclrs_minimal_pub_sub:/home/simulations/ros2_sims_ws/install/examples_rclrs_message_demo:/home/simulations/ros2_sims_ws/install/rclrs:/home/simulations/ros2_sims_ws/install/rosidl_runtime_rs:/home/user/ros2_ws/install/ros2test:/home/user/ros2_ws/install/robotiq_85_driver:/opt/ros/humble _=/usr/bin/env /usr/bin/cmake --install /home/user/ros2_ws/src/manipulation_project/build/moveit2_scripts
[1.695s] Level 1:colcon.colcon_core.environment:checking '/home/user/ros2_ws/src/manipulation_project/install/moveit2_scripts' for CMake config files
[1.696s] Level 1:colcon.colcon_core.shell:create_environment_hook('moveit2_scripts', 'cmake_prefix_path')
[1.700s] INFO:colcon.colcon_core.shell:Creating environment hook '/home/user/ros2_ws/src/manipulation_project/install/moveit2_scripts/share/moveit2_scripts/hook/cmake_prefix_path.ps1'
[1.701s] INFO:colcon.colcon_core.shell:Creating environment descriptor '/home/user/ros2_ws/src/manipulation_project/install/moveit2_scripts/share/moveit2_scripts/hook/cmake_prefix_path.dsv'
[1.702s] INFO:colcon.colcon_core.shell:Creating environment hook '/home/user/ros2_ws/src/manipulation_project/install/moveit2_scripts/share/moveit2_scripts/hook/cmake_prefix_path.sh'
[1.703s] Level 1:colcon.colcon_core.environment:checking '/home/user/ros2_ws/src/manipulation_project/install/moveit2_scripts/lib'
[1.703s] Level 1:colcon.colcon_core.environment:checking '/home/user/ros2_ws/src/manipulation_project/install/moveit2_scripts/bin'
[1.703s] Level 1:colcon.colcon_core.environment:checking '/home/user/ros2_ws/src/manipulation_project/install/moveit2_scripts/lib/pkgconfig/moveit2_scripts.pc'
[1.704s] Level 1:colcon.colcon_core.environment:checking '/home/user/ros2_ws/src/manipulation_project/install/moveit2_scripts/lib/python3.10/site-packages'
[1.704s] Level 1:colcon.colcon_core.environment:checking '/home/user/ros2_ws/src/manipulation_project/install/moveit2_scripts/bin'
[1.708s] INFO:colcon.colcon_core.shell:Creating package script '/home/user/ros2_ws/src/manipulation_project/install/moveit2_scripts/share/moveit2_scripts/package.ps1'
[1.709s] INFO:colcon.colcon_core.shell:Creating package descriptor '/home/user/ros2_ws/src/manipulation_project/install/moveit2_scripts/share/moveit2_scripts/package.dsv'
[1.710s] INFO:colcon.colcon_core.shell:Creating package script '/home/user/ros2_ws/src/manipulation_project/install/moveit2_scripts/share/moveit2_scripts/package.sh'
[1.710s] INFO:colcon.colcon_core.shell:Creating package script '/home/user/ros2_ws/src/manipulation_project/install/moveit2_scripts/share/moveit2_scripts/package.bash'
[1.712s] INFO:colcon.colcon_core.shell:Creating package script '/home/user/ros2_ws/src/manipulation_project/install/moveit2_scripts/share/moveit2_scripts/package.zsh'
[1.712s] Level 1:colcon.colcon_core.environment:create_file_with_runtime_dependencies(/home/user/ros2_ws/src/manipulation_project/install/moveit2_scripts/share/colcon-core/packages/moveit2_scripts)
[1.858s] Level 1:colcon.colcon_core.environment:create_environment_scripts_only(moveit2_scripts)
[1.862s] Level 1:colcon.colcon_core.environment:checking '/home/user/ros2_ws/src/manipulation_project/install/moveit2_scripts' for CMake module files
[1.863s] Level 1:colcon.colcon_core.environment:checking '/home/user/ros2_ws/src/manipulation_project/install/moveit2_scripts' for CMake config files
[1.864s] Level 1:colcon.colcon_core.shell:create_environment_hook('moveit2_scripts', 'cmake_prefix_path')
[1.867s] INFO:colcon.colcon_core.shell:Creating environment hook '/home/user/ros2_ws/src/manipulation_project/install/moveit2_scripts/share/moveit2_scripts/hook/cmake_prefix_path.ps1'
[1.868s] INFO:colcon.colcon_core.shell:Creating environment descriptor '/home/user/ros2_ws/src/manipulation_project/install/moveit2_scripts/share/moveit2_scripts/hook/cmake_prefix_path.dsv'
[1.868s] INFO:colcon.colcon_core.shell:Creating environment hook '/home/user/ros2_ws/src/manipulation_project/install/moveit2_scripts/share/moveit2_scripts/hook/cmake_prefix_path.sh'
[1.869s] Level 1:colcon.colcon_core.environment:checking '/home/user/ros2_ws/src/manipulation_project/install/moveit2_scripts/lib'
[1.869s] Level 1:colcon.colcon_core.environment:checking '/home/user/ros2_ws/src/manipulation_project/install/moveit2_scripts/bin'
[1.870s] Level 1:colcon.colcon_core.environment:checking '/home/user/ros2_ws/src/manipulation_project/install/moveit2_scripts/lib/pkgconfig/moveit2_scripts.pc'
[1.870s] Level 1:colcon.colcon_core.environment:checking '/home/user/ros2_ws/src/manipulation_project/install/moveit2_scripts/lib/python3.10/site-packages'
[1.870s] Level 1:colcon.colcon_core.environment:checking '/home/user/ros2_ws/src/manipulation_project/install/moveit2_scripts/bin'
[1.874s] INFO:colcon.colcon_core.shell:Creating package script '/home/user/ros2_ws/src/manipulation_project/install/moveit2_scripts/share/moveit2_scripts/package.ps1'
[1.874s] INFO:colcon.colcon_core.shell:Creating package descriptor '/home/user/ros2_ws/src/manipulation_project/install/moveit2_scripts/share/moveit2_scripts/package.dsv'
[1.875s] INFO:colcon.colcon_core.shell:Creating package script '/home/user/ros2_ws/src/manipulation_project/install/moveit2_scripts/share/moveit2_scripts/package.sh'
[1.876s] INFO:colcon.colcon_core.shell:Creating package script '/home/user/ros2_ws/src/manipulation_project/install/moveit2_scripts/share/moveit2_scripts/package.bash'
[1.877s] INFO:colcon.colcon_core.shell:Creating package script '/home/user/ros2_ws/src/manipulation_project/install/moveit2_scripts/share/moveit2_scripts/package.zsh'
[1.878s] Level 1:colcon.colcon_core.environment:create_file_with_runtime_dependencies(/home/user/ros2_ws/src/manipulation_project/install/moveit2_scripts/share/colcon-core/packages/moveit2_scripts)
[1.878s] DEBUG:colcon.colcon_parallel_executor.executor.parallel:closing loop
[1.879s] DEBUG:colcon.colcon_parallel_executor.executor.parallel:loop closed
[1.880s] DEBUG:colcon.colcon_parallel_executor.executor.parallel:run_until_complete finished with '0'
[1.880s] DEBUG:colcon.colcon_core.event_reactor:joining thread
[1.892s] INFO:colcon.colcon_core.plugin_system:Skipping extension 'colcon_notification.desktop_notification.notify_send': Could not find 'notify-send'
[1.892s] INFO:colcon.colcon_core.plugin_system:Skipping extension 'colcon_notification.desktop_notification.terminal_notifier': Not used on non-Darwin systems
[1.892s] INFO:colcon.colcon_core.plugin_system:Skipping extension 'colcon_notification.desktop_notification.win32': Not used on non-Windows systems
[1.893s] INFO:colcon.colcon_notification.desktop_notification:Sending desktop notification using 'notify2'
[1.895s] DEBUG:colcon.colcon_notification.desktop_notification.notify2:Failed to initialize notify2: org.freedesktop.DBus.Error.Spawn.ExecFailed: /usr/bin/dbus-launch terminated abnormally without any error message
[1.896s] DEBUG:colcon.colcon_core.event_reactor:joined thread
[1.900s] INFO:colcon.colcon_core.shell:Creating prefix script '/home/user/ros2_ws/src/manipulation_project/install/local_setup.ps1'
[1.903s] INFO:colcon.colcon_core.shell:Creating prefix util module '/home/user/ros2_ws/src/manipulation_project/install/_local_setup_util_ps1.py'
[1.911s] INFO:colcon.colcon_core.shell:Creating prefix chain script '/home/user/ros2_ws/src/manipulation_project/install/setup.ps1'
[1.926s] INFO:colcon.colcon_core.shell:Creating prefix script '/home/user/ros2_ws/src/manipulation_project/install/local_setup.sh'
[1.927s] INFO:colcon.colcon_core.shell:Creating prefix util module '/home/user/ros2_ws/src/manipulation_project/install/_local_setup_util_sh.py'
[1.927s] INFO:colcon.colcon_core.shell:Creating prefix chain script '/home/user/ros2_ws/src/manipulation_project/install/setup.sh'
[1.934s] INFO:colcon.colcon_core.shell:Creating prefix script '/home/user/ros2_ws/src/manipulation_project/install/local_setup.bash'
[1.934s] INFO:colcon.colcon_core.shell:Creating prefix chain script '/home/user/ros2_ws/src/manipulation_project/install/setup.bash'
[1.959s] INFO:colcon.colcon_core.shell:Creating prefix script '/home/user/ros2_ws/src/manipulation_project/install/local_setup.zsh'
[1.960s] INFO:colcon.colcon_core.shell:Creating prefix chain script '/home/user/ros2_ws/src/manipulation_project/install/setup.zsh'
