[0.064s] Invoking command in '/home/user/ros2_ws/src/manipulation_project/build/moveit2_scripts': CMAKE_PREFIX_PATH=${CMAKE_PREFIX_PATH}:/home/simulations/ros2_sims_ws/install/rclrs_tests:/home/simulations/ros2_sims_ws/install/examples_rclrs_minimal_client_service:/home/simulations/ros2_sims_ws/install/sensor_msgs_py:/home/simulations/ros2_sims_ws/install/examples_rclrs_minimal_pub_sub:/home/simulations/ros2_sims_ws/install/examples_rclrs_message_demo:/home/simulations/ros2_sims_ws/install/rclrs:/home/simulations/ros2_sims_ws/install/rosidl_runtime_rs:/home/user/ros2_ws/install/ros2test:/home/user/ros2_ws/install/robotiq_85_driver:/opt/ros/humble _=/usr/bin/env /usr/bin/cmake --build /home/user/ros2_ws/src/manipulation_project/build/moveit2_scripts -- -j8 -l8
[0.192s] [35m[1mConsolidate compiler generated dependencies of target gripper_control[0m
[0.198s] [35m[1mConsolidate compiler generated dependencies of target pick_and_place[0m
[0.201s] [35m[1mConsolidate compiler generated dependencies of target pick_and_place_trajectory[0m
[0.264s] [ 33%] Built target gripper_control
[0.273s] [ 50%] [32mBuilding CXX object CMakeFiles/pick_and_place.dir/src/pick_and_place.cpp.o[0m
[0.274s] [ 83%] Built target pick_and_place_trajectory
[13.979s] [100%] [32m[1mLinking CXX executable pick_and_place[0m
[14.519s] [100%] Built target pick_and_place
[14.550s] Invoked command in '/home/user/ros2_ws/src/manipulation_project/build/moveit2_scripts' returned '0': CMAKE_PREFIX_PATH=${CMAKE_PREFIX_PATH}:/home/simulations/ros2_sims_ws/install/rclrs_tests:/home/simulations/ros2_sims_ws/install/examples_rclrs_minimal_client_service:/home/simulations/ros2_sims_ws/install/sensor_msgs_py:/home/simulations/ros2_sims_ws/install/examples_rclrs_minimal_pub_sub:/home/simulations/ros2_sims_ws/install/examples_rclrs_message_demo:/home/simulations/ros2_sims_ws/install/rclrs:/home/simulations/ros2_sims_ws/install/rosidl_runtime_rs:/home/user/ros2_ws/install/ros2test:/home/user/ros2_ws/install/robotiq_85_driver:/opt/ros/humble _=/usr/bin/env /usr/bin/cmake --build /home/user/ros2_ws/src/manipulation_project/build/moveit2_scripts -- -j8 -l8
[14.672s] Invoking command in '/home/user/ros2_ws/src/manipulation_project/build/moveit2_scripts': CMAKE_PREFIX_PATH=${CMAKE_PREFIX_PATH}:/home/simulations/ros2_sims_ws/install/rclrs_tests:/home/simulations/ros2_sims_ws/install/examples_rclrs_minimal_client_service:/home/simulations/ros2_sims_ws/install/sensor_msgs_py:/home/simulations/ros2_sims_ws/install/examples_rclrs_minimal_pub_sub:/home/simulations/ros2_sims_ws/install/examples_rclrs_message_demo:/home/simulations/ros2_sims_ws/install/rclrs:/home/simulations/ros2_sims_ws/install/rosidl_runtime_rs:/home/user/ros2_ws/install/ros2test:/home/user/ros2_ws/install/robotiq_85_driver:/opt/ros/humble _=/usr/bin/env /usr/bin/cmake --install /home/user/ros2_ws/src/manipulation_project/build/moveit2_scripts
[14.689s] -- Install configuration: ""
[14.690s] -- Up-to-date: /home/user/ros2_ws/src/manipulation_project/install/moveit2_scripts/lib/moveit2_scripts/pick_and_place_trajectory
[14.690s] -- Up-to-date: /home/user/ros2_ws/src/manipulation_project/install/moveit2_scripts/lib/moveit2_scripts/gripper_control
[14.690s] -- Installing: /home/user/ros2_ws/src/manipulation_project/install/moveit2_scripts/lib/moveit2_scripts/pick_and_place
[14.692s] -- Set runtime path of "/home/user/ros2_ws/src/manipulation_project/install/moveit2_scripts/lib/moveit2_scripts/pick_and_place" to ""
[14.692s] -- Up-to-date: /home/user/ros2_ws/src/manipulation_project/install/moveit2_scripts/share/moveit2_scripts//launch
[14.692s] -- Up-to-date: /home/user/ros2_ws/src/manipulation_project/install/moveit2_scripts/share/moveit2_scripts//launch/pick_and_place.launch.py
[14.692s] -- Up-to-date: /home/user/ros2_ws/src/manipulation_project/install/moveit2_scripts/share/moveit2_scripts//launch/gripper_control.launch.py
[14.693s] -- Up-to-date: /home/user/ros2_ws/src/manipulation_project/install/moveit2_scripts/share/ament_index/resource_index/package_run_dependencies/moveit2_scripts
[14.693s] -- Up-to-date: /home/user/ros2_ws/src/manipulation_project/install/moveit2_scripts/share/ament_index/resource_index/parent_prefix_path/moveit2_scripts
[14.694s] -- Up-to-date: /home/user/ros2_ws/src/manipulation_project/install/moveit2_scripts/share/moveit2_scripts/environment/ament_prefix_path.sh
[14.694s] -- Up-to-date: /home/user/ros2_ws/src/manipulation_project/install/moveit2_scripts/share/moveit2_scripts/environment/ament_prefix_path.dsv
[14.694s] -- Up-to-date: /home/user/ros2_ws/src/manipulation_project/install/moveit2_scripts/share/moveit2_scripts/environment/path.sh
[14.694s] -- Up-to-date: /home/user/ros2_ws/src/manipulation_project/install/moveit2_scripts/share/moveit2_scripts/environment/path.dsv
[14.694s] -- Up-to-date: /home/user/ros2_ws/src/manipulation_project/install/moveit2_scripts/share/moveit2_scripts/local_setup.bash
[14.695s] -- Up-to-date: /home/user/ros2_ws/src/manipulation_project/install/moveit2_scripts/share/moveit2_scripts/local_setup.sh
[14.695s] -- Up-to-date: /home/user/ros2_ws/src/manipulation_project/install/moveit2_scripts/share/moveit2_scripts/local_setup.zsh
[14.701s] -- Up-to-date: /home/user/ros2_ws/src/manipulation_project/install/moveit2_scripts/share/moveit2_scripts/local_setup.dsv
[14.702s] -- Installing: /home/user/ros2_ws/src/manipulation_project/install/moveit2_scripts/share/moveit2_scripts/package.dsv
[14.702s] -- Up-to-date: /home/user/ros2_ws/src/manipulation_project/install/moveit2_scripts/share/ament_index/resource_index/packages/moveit2_scripts
[14.702s] -- Up-to-date: /home/user/ros2_ws/src/manipulation_project/install/moveit2_scripts/share/moveit2_scripts/cmake/moveit2_scriptsConfig.cmake
[14.702s] -- Up-to-date: /home/user/ros2_ws/src/manipulation_project/install/moveit2_scripts/share/moveit2_scripts/cmake/moveit2_scriptsConfig-version.cmake
[14.703s] -- Up-to-date: /home/user/ros2_ws/src/manipulation_project/install/moveit2_scripts/share/moveit2_scripts/package.xml
[14.703s] Invoked command in '/home/user/ros2_ws/src/manipulation_project/build/moveit2_scripts' returned '0': CMAKE_PREFIX_PATH=${CMAKE_PREFIX_PATH}:/home/simulations/ros2_sims_ws/install/rclrs_tests:/home/simulations/ros2_sims_ws/install/examples_rclrs_minimal_client_service:/home/simulations/ros2_sims_ws/install/sensor_msgs_py:/home/simulations/ros2_sims_ws/install/examples_rclrs_minimal_pub_sub:/home/simulations/ros2_sims_ws/install/examples_rclrs_message_demo:/home/simulations/ros2_sims_ws/install/rclrs:/home/simulations/ros2_sims_ws/install/rosidl_runtime_rs:/home/user/ros2_ws/install/ros2test:/home/user/ros2_ws/install/robotiq_85_driver:/opt/ros/humble _=/usr/bin/env /usr/bin/cmake --install /home/user/ros2_ws/src/manipulation_project/build/moveit2_scripts
