[0.055s] Invoking command in '/home/user/ros2_ws/src/manipulation_project/build/my_moveit_config': CMAKE_PREFIX_PATH=${CMAKE_PREFIX_PATH}:/home/simulations/ros2_sims_ws/install/rclrs_tests:/home/simulations/ros2_sims_ws/install/examples_rclrs_minimal_client_service:/home/simulations/ros2_sims_ws/install/sensor_msgs_py:/home/simulations/ros2_sims_ws/install/examples_rclrs_minimal_pub_sub:/home/simulations/ros2_sims_ws/install/examples_rclrs_message_demo:/home/simulations/ros2_sims_ws/install/rclrs:/home/simulations/ros2_sims_ws/install/rosidl_runtime_rs:/home/user/ros2_ws/install/ros2test:/home/user/ros2_ws/install/robotiq_85_driver:/opt/ros/humble _=/usr/bin/env /usr/bin/cmake /home/user/ros2_ws/src/manipulation_project/my_moveit_config -DCMAKE_INSTALL_PREFIX=/home/user/ros2_ws/src/manipulation_project/install/my_moveit_config
[0.677s] -- The C compiler identification is GNU 11.3.0
[0.792s] -- The CXX compiler identification is GNU 11.3.0
[0.812s] -- Detecting C compiler ABI info
[1.109s] -- Detecting C compiler ABI info - done
[1.124s] -- Check for working C compiler: /usr/bin/cc - skipped
[1.125s] -- Detecting C compile features
[1.125s] -- Detecting C compile features - done
[1.131s] -- Detecting CXX compiler ABI info
[1.316s] -- Detecting CXX compiler ABI info - done
[1.333s] -- Check for working CXX compiler: /usr/bin/c++ - skipped
[1.334s] -- Detecting CXX compile features
[1.335s] -- Detecting CXX compile features - done
[1.356s] -- Found ament_cmake: 1.3.4 (/opt/ros/humble/share/ament_cmake/cmake)
[1.885s] -- Found Python3: /usr/bin/python3.10 (found version "3.10.6") found components: Interpreter 
[2.474s] -- Configuring done
[2.480s] -- Generating done
[2.481s] -- Build files have been written to: /home/user/ros2_ws/src/manipulation_project/build/my_moveit_config
[2.486s] Invoked command in '/home/user/ros2_ws/src/manipulation_project/build/my_moveit_config' returned '0': CMAKE_PREFIX_PATH=${CMAKE_PREFIX_PATH}:/home/simulations/ros2_sims_ws/install/rclrs_tests:/home/simulations/ros2_sims_ws/install/examples_rclrs_minimal_client_service:/home/simulations/ros2_sims_ws/install/sensor_msgs_py:/home/simulations/ros2_sims_ws/install/examples_rclrs_minimal_pub_sub:/home/simulations/ros2_sims_ws/install/examples_rclrs_message_demo:/home/simulations/ros2_sims_ws/install/rclrs:/home/simulations/ros2_sims_ws/install/rosidl_runtime_rs:/home/user/ros2_ws/install/ros2test:/home/user/ros2_ws/install/robotiq_85_driver:/opt/ros/humble _=/usr/bin/env /usr/bin/cmake /home/user/ros2_ws/src/manipulation_project/my_moveit_config -DCMAKE_INSTALL_PREFIX=/home/user/ros2_ws/src/manipulation_project/install/my_moveit_config
[2.506s] Invoking command in '/home/user/ros2_ws/src/manipulation_project/build/my_moveit_config': CMAKE_PREFIX_PATH=${CMAKE_PREFIX_PATH}:/home/simulations/ros2_sims_ws/install/rclrs_tests:/home/simulations/ros2_sims_ws/install/examples_rclrs_minimal_client_service:/home/simulations/ros2_sims_ws/install/sensor_msgs_py:/home/simulations/ros2_sims_ws/install/examples_rclrs_minimal_pub_sub:/home/simulations/ros2_sims_ws/install/examples_rclrs_message_demo:/home/simulations/ros2_sims_ws/install/rclrs:/home/simulations/ros2_sims_ws/install/rosidl_runtime_rs:/home/user/ros2_ws/install/ros2test:/home/user/ros2_ws/install/robotiq_85_driver:/opt/ros/humble _=/usr/bin/env /usr/bin/cmake --build /home/user/ros2_ws/src/manipulation_project/build/my_moveit_config -- -j8 -l8
[2.593s] Invoked command in '/home/user/ros2_ws/src/manipulation_project/build/my_moveit_config' returned '0': CMAKE_PREFIX_PATH=${CMAKE_PREFIX_PATH}:/home/simulations/ros2_sims_ws/install/rclrs_tests:/home/simulations/ros2_sims_ws/install/examples_rclrs_minimal_client_service:/home/simulations/ros2_sims_ws/install/sensor_msgs_py:/home/simulations/ros2_sims_ws/install/examples_rclrs_minimal_pub_sub:/home/simulations/ros2_sims_ws/install/examples_rclrs_message_demo:/home/simulations/ros2_sims_ws/install/rclrs:/home/simulations/ros2_sims_ws/install/rosidl_runtime_rs:/home/user/ros2_ws/install/ros2test:/home/user/ros2_ws/install/robotiq_85_driver:/opt/ros/humble _=/usr/bin/env /usr/bin/cmake --build /home/user/ros2_ws/src/manipulation_project/build/my_moveit_config -- -j8 -l8
[2.726s] Invoking command in '/home/user/ros2_ws/src/manipulation_project/build/my_moveit_config': CMAKE_PREFIX_PATH=${CMAKE_PREFIX_PATH}:/home/simulations/ros2_sims_ws/install/rclrs_tests:/home/simulations/ros2_sims_ws/install/examples_rclrs_minimal_client_service:/home/simulations/ros2_sims_ws/install/sensor_msgs_py:/home/simulations/ros2_sims_ws/install/examples_rclrs_minimal_pub_sub:/home/simulations/ros2_sims_ws/install/examples_rclrs_message_demo:/home/simulations/ros2_sims_ws/install/rclrs:/home/simulations/ros2_sims_ws/install/rosidl_runtime_rs:/home/user/ros2_ws/install/ros2test:/home/user/ros2_ws/install/robotiq_85_driver:/opt/ros/humble _=/usr/bin/env /usr/bin/cmake --install /home/user/ros2_ws/src/manipulation_project/build/my_moveit_config
[2.751s] -- Install configuration: ""
[2.751s] -- Installing: /home/user/ros2_ws/src/manipulation_project/install/my_moveit_config/share/ament_index/resource_index/package_run_dependencies/my_moveit_config
[2.751s] -- Installing: /home/user/ros2_ws/src/manipulation_project/install/my_moveit_config/share/ament_index/resource_index/parent_prefix_path/my_moveit_config
[2.752s] -- Installing: /home/user/ros2_ws/src/manipulation_project/install/my_moveit_config/share/my_moveit_config/environment/ament_prefix_path.sh
[2.752s] -- Installing: /home/user/ros2_ws/src/manipulation_project/install/my_moveit_config/share/my_moveit_config/environment/ament_prefix_path.dsv
[2.753s] -- Installing: /home/user/ros2_ws/src/manipulation_project/install/my_moveit_config/share/my_moveit_config/environment/path.sh
[2.754s] -- Installing: /home/user/ros2_ws/src/manipulation_project/install/my_moveit_config/share/my_moveit_config/environment/path.dsv
[2.755s] -- Installing: /home/user/ros2_ws/src/manipulation_project/install/my_moveit_config/share/my_moveit_config/local_setup.bash
[2.755s] -- Installing: /home/user/ros2_ws/src/manipulation_project/install/my_moveit_config/share/my_moveit_config/local_setup.sh
[2.755s] -- Installing: /home/user/ros2_ws/src/manipulation_project/install/my_moveit_config/share/my_moveit_config/local_setup.zsh
[2.755s] -- Installing: /home/user/ros2_ws/src/manipulation_project/install/my_moveit_config/share/my_moveit_config/local_setup.dsv
[2.756s] -- Installing: /home/user/ros2_ws/src/manipulation_project/install/my_moveit_config/share/my_moveit_config/package.dsv
[2.756s] -- Installing: /home/user/ros2_ws/src/manipulation_project/install/my_moveit_config/share/ament_index/resource_index/packages/my_moveit_config
[2.756s] -- Installing: /home/user/ros2_ws/src/manipulation_project/install/my_moveit_config/share/my_moveit_config/cmake/my_moveit_configConfig.cmake
[2.756s] -- Installing: /home/user/ros2_ws/src/manipulation_project/install/my_moveit_config/share/my_moveit_config/cmake/my_moveit_configConfig-version.cmake
[2.756s] -- Installing: /home/user/ros2_ws/src/manipulation_project/install/my_moveit_config/share/my_moveit_config/package.xml
[2.757s] -- Installing: /home/user/ros2_ws/src/manipulation_project/install/my_moveit_config/share/my_moveit_config/launch
[2.757s] -- Installing: /home/user/ros2_ws/src/manipulation_project/install/my_moveit_config/share/my_moveit_config/launch/move_group.launch.py
[2.757s] -- Installing: /home/user/ros2_ws/src/manipulation_project/install/my_moveit_config/share/my_moveit_config/launch/static_virtual_joint_tfs.launch.py
[2.757s] -- Installing: /home/user/ros2_ws/src/manipulation_project/install/my_moveit_config/share/my_moveit_config/launch/rsp.launch.py
[2.758s] -- Installing: /home/user/ros2_ws/src/manipulation_project/install/my_moveit_config/share/my_moveit_config/launch/spawn_controllers.launch.py
[2.758s] -- Installing: /home/user/ros2_ws/src/manipulation_project/install/my_moveit_config/share/my_moveit_config/launch/moveit_rviz.launch.py
[2.758s] -- Installing: /home/user/ros2_ws/src/manipulation_project/install/my_moveit_config/share/my_moveit_config/launch/setup_assistant.launch.py
[2.759s] -- Installing: /home/user/ros2_ws/src/manipulation_project/install/my_moveit_config/share/my_moveit_config/launch/warehouse_db.launch.py
[2.759s] -- Installing: /home/user/ros2_ws/src/manipulation_project/install/my_moveit_config/share/my_moveit_config/launch/demo.launch.py
[2.759s] -- Installing: /home/user/ros2_ws/src/manipulation_project/install/my_moveit_config/share/my_moveit_config/config
[2.759s] -- Installing: /home/user/ros2_ws/src/manipulation_project/install/my_moveit_config/share/my_moveit_config/config/pilz_cartesian_limits.yaml
[2.759s] -- Installing: /home/user/ros2_ws/src/manipulation_project/install/my_moveit_config/share/my_moveit_config/config/moveit_controllers.yaml
[2.760s] -- Installing: /home/user/ros2_ws/src/manipulation_project/install/my_moveit_config/share/my_moveit_config/config/moveit.rviz
[2.760s] -- Installing: /home/user/ros2_ws/src/manipulation_project/install/my_moveit_config/share/my_moveit_config/config/sensors_3d.yaml
[2.760s] -- Installing: /home/user/ros2_ws/src/manipulation_project/install/my_moveit_config/share/my_moveit_config/config/kinematics.yaml
[2.760s] -- Installing: /home/user/ros2_ws/src/manipulation_project/install/my_moveit_config/share/my_moveit_config/config/name.urdf.xacro
[2.761s] -- Installing: /home/user/ros2_ws/src/manipulation_project/install/my_moveit_config/share/my_moveit_config/config/name.srdf
[2.761s] -- Installing: /home/user/ros2_ws/src/manipulation_project/install/my_moveit_config/share/my_moveit_config/config/joint_limits.yaml
[2.761s] -- Installing: /home/user/ros2_ws/src/manipulation_project/install/my_moveit_config/share/my_moveit_config/config/initial_positions.yaml
[2.761s] -- Installing: /home/user/ros2_ws/src/manipulation_project/install/my_moveit_config/share/my_moveit_config/config/name.ros2_control.xacro
[2.761s] -- Installing: /home/user/ros2_ws/src/manipulation_project/install/my_moveit_config/share/my_moveit_config/.setup_assistant
[2.766s] Invoked command in '/home/user/ros2_ws/src/manipulation_project/build/my_moveit_config' returned '0': CMAKE_PREFIX_PATH=${CMAKE_PREFIX_PATH}:/home/simulations/ros2_sims_ws/install/rclrs_tests:/home/simulations/ros2_sims_ws/install/examples_rclrs_minimal_client_service:/home/simulations/ros2_sims_ws/install/sensor_msgs_py:/home/simulations/ros2_sims_ws/install/examples_rclrs_minimal_pub_sub:/home/simulations/ros2_sims_ws/install/examples_rclrs_message_demo:/home/simulations/ros2_sims_ws/install/rclrs:/home/simulations/ros2_sims_ws/install/rosidl_runtime_rs:/home/user/ros2_ws/install/ros2test:/home/user/ros2_ws/install/robotiq_85_driver:/opt/ros/humble _=/usr/bin/env /usr/bin/cmake --install /home/user/ros2_ws/src/manipulation_project/build/my_moveit_config
