[0.854s] DEBUG:colcon:Command line arguments: ['/usr/bin/colcon', 'build', '--packages-select', 'moveit2_scripts', 'my_moveit_config']
[0.854s] DEBUG:colcon:Parsed command line arguments: Namespace(log_base=None, log_level=None, verb_name='build', build_base='build', install_base='install', merge_install=False, symlink_install=False, test_result_base=None, continue_on_error=False, executor='parallel', parallel_workers=8, event_handlers=None, ignore_user_meta=False, metas=['./colcon.meta'], base_paths=['.'], packages_ignore=None, packages_ignore_regex=None, paths=None, packages_up_to=None, packages_up_to_regex=None, packages_above=None, packages_above_and_dependencies=None, packages_above_depth=None, packages_select_by_dep=None, packages_skip_by_dep=None, packages_skip_up_to=None, packages_select_build_failed=False, packages_skip_build_finished=False, packages_select_test_failures=False, packages_skip_test_passed=False, packages_select=['moveit2_scripts', 'my_moveit_config'], packages_skip=None, packages_select_regex=None, packages_skip_regex=None, packages_start=None, packages_end=None, lookup_in_workspace=False, cargo_args=None, clean_build=False, cmake_args=None, cmake_target=None, cmake_target_skip_unavailable=False, cmake_clean_cache=False, cmake_clean_first=False, cmake_force_configure=False, ament_cmake_args=None, catkin_cmake_args=None, catkin_skip_building_tests=False, mixin_files=None, mixin=None, verb_parser=<colcon_mixin.mixin.mixin_argument.MixinArgumentDecorator object at 0x7f95a8b5c6d0>, verb_extension=<colcon_core.verb.build.BuildVerb object at 0x7f95a94e39d0>, main=<bound method BuildVerb.main of <colcon_core.verb.build.BuildVerb object at 0x7f95a94e39d0>>, mixin_verb=('build',))
[0.898s] Level 1:colcon.colcon_core.package_discovery:discover_packages(colcon_meta) check parameters
[0.898s] Level 1:colcon.colcon_core.package_discovery:discover_packages(recursive) check parameters
[0.898s] Level 1:colcon.colcon_core.package_discovery:discover_packages(ignore) check parameters
[0.898s] Level 1:colcon.colcon_core.package_discovery:discover_packages(path) check parameters
[0.898s] Level 1:colcon.colcon_core.package_discovery:discover_packages(colcon_meta) discover
[0.898s] Level 1:colcon.colcon_core.package_discovery:discover_packages(recursive) discover
[0.898s] INFO:colcon.colcon_core.package_discovery:Crawling recursively for packages in '/home/user/ros2_ws/src/manipulation_project'
[0.899s] Level 1:colcon.colcon_core.package_identification:_identify(.) by extensions ['ignore', 'ignore_ament_install']
[0.899s] Level 1:colcon.colcon_core.package_identification:_identify(.) by extension 'ignore'
[0.899s] Level 1:colcon.colcon_core.package_identification:_identify(.) by extension 'ignore_ament_install'
[0.899s] Level 1:colcon.colcon_core.package_identification:_identify(.) by extensions ['colcon_pkg']
[0.899s] Level 1:colcon.colcon_core.package_identification:_identify(.) by extension 'colcon_pkg'
[0.899s] Level 1:colcon.colcon_core.package_identification:_identify(.) by extensions ['colcon_meta']
[0.899s] Level 1:colcon.colcon_core.package_identification:_identify(.) by extension 'colcon_meta'
[0.899s] Level 1:colcon.colcon_core.package_identification:_identify(.) by extensions ['ament_cargo']
[0.899s] Level 1:colcon.colcon_core.package_identification:_identify(.) by extension 'ament_cargo'
[0.900s] Level 1:colcon.colcon_core.package_identification:_identify(.) by extensions ['ros']
[0.900s] Level 1:colcon.colcon_core.package_identification:_identify(.) by extension 'ros'
[0.921s] Level 1:colcon.colcon_core.package_identification:_identify(.) by extensions ['cargo', 'cmake', 'python']
[0.921s] Level 1:colcon.colcon_core.package_identification:_identify(.) by extension 'cargo'
[0.921s] Level 1:colcon.colcon_core.package_identification:_identify(.) by extension 'cmake'
[0.922s] Level 1:colcon.colcon_core.package_identification:_identify(.) by extension 'python'
[0.922s] Level 1:colcon.colcon_core.package_identification:_identify(.) by extensions ['python_setup_py']
[0.922s] Level 1:colcon.colcon_core.package_identification:_identify(.) by extension 'python_setup_py'
[0.922s] Level 1:colcon.colcon_core.package_identification:_identify(build) by extensions ['ignore', 'ignore_ament_install']
[0.922s] Level 1:colcon.colcon_core.package_identification:_identify(build) by extension 'ignore'
[0.922s] Level 1:colcon.colcon_core.package_identification:_identify(build) ignored
[0.923s] Level 1:colcon.colcon_core.package_identification:_identify(install) by extensions ['ignore', 'ignore_ament_install']
[0.923s] Level 1:colcon.colcon_core.package_identification:_identify(install) by extension 'ignore'
[0.923s] Level 1:colcon.colcon_core.package_identification:_identify(install) ignored
[0.923s] Level 1:colcon.colcon_core.package_identification:_identify(log) by extensions ['ignore', 'ignore_ament_install']
[0.923s] Level 1:colcon.colcon_core.package_identification:_identify(log) by extension 'ignore'
[0.923s] Level 1:colcon.colcon_core.package_identification:_identify(log) ignored
[0.924s] Level 1:colcon.colcon_core.package_identification:_identify(moveit2_scripts) by extensions ['ignore', 'ignore_ament_install']
[0.924s] Level 1:colcon.colcon_core.package_identification:_identify(moveit2_scripts) by extension 'ignore'
[0.924s] Level 1:colcon.colcon_core.package_identification:_identify(moveit2_scripts) by extension 'ignore_ament_install'
[0.924s] Level 1:colcon.colcon_core.package_identification:_identify(moveit2_scripts) by extensions ['colcon_pkg']
[0.924s] Level 1:colcon.colcon_core.package_identification:_identify(moveit2_scripts) by extension 'colcon_pkg'
[0.924s] Level 1:colcon.colcon_core.package_identification:_identify(moveit2_scripts) by extensions ['colcon_meta']
[0.924s] Level 1:colcon.colcon_core.package_identification:_identify(moveit2_scripts) by extension 'colcon_meta'
[0.924s] Level 1:colcon.colcon_core.package_identification:_identify(moveit2_scripts) by extensions ['ament_cargo']
[0.924s] Level 1:colcon.colcon_core.package_identification:_identify(moveit2_scripts) by extension 'ament_cargo'
[0.924s] Level 1:colcon.colcon_core.package_identification:_identify(moveit2_scripts) by extensions ['ros']
[0.925s] Level 1:colcon.colcon_core.package_identification:_identify(moveit2_scripts) by extension 'ros'
[0.930s] DEBUG:colcon.colcon_core.package_identification:Package 'moveit2_scripts' with type 'ros.ament_cmake' and name 'moveit2_scripts'
[0.930s] Level 1:colcon.colcon_core.package_identification:_identify(my_moveit_config) by extensions ['ignore', 'ignore_ament_install']
[0.930s] Level 1:colcon.colcon_core.package_identification:_identify(my_moveit_config) by extension 'ignore'
[0.931s] Level 1:colcon.colcon_core.package_identification:_identify(my_moveit_config) by extension 'ignore_ament_install'
[0.931s] Level 1:colcon.colcon_core.package_identification:_identify(my_moveit_config) by extensions ['colcon_pkg']
[0.931s] Level 1:colcon.colcon_core.package_identification:_identify(my_moveit_config) by extension 'colcon_pkg'
[0.931s] Level 1:colcon.colcon_core.package_identification:_identify(my_moveit_config) by extensions ['colcon_meta']
[0.931s] Level 1:colcon.colcon_core.package_identification:_identify(my_moveit_config) by extension 'colcon_meta'
[0.931s] Level 1:colcon.colcon_core.package_identification:_identify(my_moveit_config) by extensions ['ament_cargo']
[0.931s] Level 1:colcon.colcon_core.package_identification:_identify(my_moveit_config) by extension 'ament_cargo'
[0.931s] Level 1:colcon.colcon_core.package_identification:_identify(my_moveit_config) by extensions ['ros']
[0.932s] Level 1:colcon.colcon_core.package_identification:_identify(my_moveit_config) by extension 'ros'
[0.933s] DEBUG:colcon.colcon_core.package_identification:Package 'my_moveit_config' with type 'ros.ament_cmake' and name 'my_moveit_config'
[0.933s] Level 1:colcon.colcon_core.package_identification:_identify(real_moveit_config) by extensions ['ignore', 'ignore_ament_install']
[0.933s] Level 1:colcon.colcon_core.package_identification:_identify(real_moveit_config) by extension 'ignore'
[0.933s] Level 1:colcon.colcon_core.package_identification:_identify(real_moveit_config) by extension 'ignore_ament_install'
[0.934s] Level 1:colcon.colcon_core.package_identification:_identify(real_moveit_config) by extensions ['colcon_pkg']
[0.934s] Level 1:colcon.colcon_core.package_identification:_identify(real_moveit_config) by extension 'colcon_pkg'
[0.934s] Level 1:colcon.colcon_core.package_identification:_identify(real_moveit_config) by extensions ['colcon_meta']
[0.934s] Level 1:colcon.colcon_core.package_identification:_identify(real_moveit_config) by extension 'colcon_meta'
[0.934s] Level 1:colcon.colcon_core.package_identification:_identify(real_moveit_config) by extensions ['ament_cargo']
[0.934s] Level 1:colcon.colcon_core.package_identification:_identify(real_moveit_config) by extension 'ament_cargo'
[0.934s] Level 1:colcon.colcon_core.package_identification:_identify(real_moveit_config) by extensions ['ros']
[0.934s] Level 1:colcon.colcon_core.package_identification:_identify(real_moveit_config) by extension 'ros'
[0.936s] DEBUG:colcon.colcon_core.package_identification:Package 'real_moveit_config' with type 'ros.ament_cmake' and name 'real_moveit_config'
[0.936s] Level 1:colcon.colcon_core.package_discovery:discover_packages(recursive) using defaults
[0.936s] Level 1:colcon.colcon_core.package_discovery:discover_packages(ignore) discover
[0.936s] Level 1:colcon.colcon_core.package_discovery:discover_packages(ignore) using defaults
[0.936s] Level 1:colcon.colcon_core.package_discovery:discover_packages(path) discover
[0.936s] Level 1:colcon.colcon_core.package_discovery:discover_packages(path) using defaults
[0.976s] INFO:colcon.colcon_core.package_selection:Skipping not selected package 'real_moveit_config' in 'real_moveit_config'
[0.980s] Level 5:colcon.colcon_core.verb:set package 'moveit2_scripts' build argument 'lookup_in_workspace' from command line to 'False'
[0.980s] Level 5:colcon.colcon_core.verb:set package 'moveit2_scripts' build argument 'cargo_args' from command line to 'None'
[0.980s] Level 5:colcon.colcon_core.verb:set package 'moveit2_scripts' build argument 'clean_build' from command line to 'False'
[0.980s] Level 5:colcon.colcon_core.verb:set package 'moveit2_scripts' build argument 'cmake_args' from command line to 'None'
[0.980s] Level 5:colcon.colcon_core.verb:set package 'moveit2_scripts' build argument 'cmake_target' from command line to 'None'
[0.980s] Level 5:colcon.colcon_core.verb:set package 'moveit2_scripts' build argument 'cmake_target_skip_unavailable' from command line to 'False'
[0.980s] Level 5:colcon.colcon_core.verb:set package 'moveit2_scripts' build argument 'cmake_clean_cache' from command line to 'False'
[0.980s] Level 5:colcon.colcon_core.verb:set package 'moveit2_scripts' build argument 'cmake_clean_first' from command line to 'False'
[0.980s] Level 5:colcon.colcon_core.verb:set package 'moveit2_scripts' build argument 'cmake_force_configure' from command line to 'False'
[0.980s] Level 5:colcon.colcon_core.verb:set package 'moveit2_scripts' build argument 'ament_cmake_args' from command line to 'None'
[0.981s] Level 5:colcon.colcon_core.verb:set package 'moveit2_scripts' build argument 'catkin_cmake_args' from command line to 'None'
[0.981s] Level 5:colcon.colcon_core.verb:set package 'moveit2_scripts' build argument 'catkin_skip_building_tests' from command line to 'False'
[0.981s] DEBUG:colcon.colcon_core.verb:Building package 'moveit2_scripts' with the following arguments: {'ament_cmake_args': None, 'build_base': '/home/user/ros2_ws/src/manipulation_project/build/moveit2_scripts', 'cargo_args': None, 'catkin_cmake_args': None, 'catkin_skip_building_tests': False, 'clean_build': False, 'cmake_args': None, 'cmake_clean_cache': False, 'cmake_clean_first': False, 'cmake_force_configure': False, 'cmake_target': None, 'cmake_target_skip_unavailable': False, 'install_base': '/home/user/ros2_ws/src/manipulation_project/install/moveit2_scripts', 'lookup_in_workspace': False, 'merge_install': False, 'path': '/home/user/ros2_ws/src/manipulation_project/moveit2_scripts', 'symlink_install': False, 'test_result_base': None}
[0.984s] Level 5:colcon.colcon_core.verb:set package 'my_moveit_config' build argument 'lookup_in_workspace' from command line to 'False'
[0.984s] Level 5:colcon.colcon_core.verb:set package 'my_moveit_config' build argument 'cargo_args' from command line to 'None'
[0.984s] Level 5:colcon.colcon_core.verb:set package 'my_moveit_config' build argument 'clean_build' from command line to 'False'
[0.985s] Level 5:colcon.colcon_core.verb:set package 'my_moveit_config' build argument 'cmake_args' from command line to 'None'
[0.985s] Level 5:colcon.colcon_core.verb:set package 'my_moveit_config' build argument 'cmake_target' from command line to 'None'
[0.985s] Level 5:colcon.colcon_core.verb:set package 'my_moveit_config' build argument 'cmake_target_skip_unavailable' from command line to 'False'
[0.985s] Level 5:colcon.colcon_core.verb:set package 'my_moveit_config' build argument 'cmake_clean_cache' from command line to 'False'
[0.985s] Level 5:colcon.colcon_core.verb:set package 'my_moveit_config' build argument 'cmake_clean_first' from command line to 'False'
[0.985s] Level 5:colcon.colcon_core.verb:set package 'my_moveit_config' build argument 'cmake_force_configure' from command line to 'False'
[0.985s] Level 5:colcon.colcon_core.verb:set package 'my_moveit_config' build argument 'ament_cmake_args' from command line to 'None'
[0.985s] Level 5:colcon.colcon_core.verb:set package 'my_moveit_config' build argument 'catkin_cmake_args' from command line to 'None'
[0.985s] Level 5:colcon.colcon_core.verb:set package 'my_moveit_config' build argument 'catkin_skip_building_tests' from command line to 'False'
[0.985s] DEBUG:colcon.colcon_core.verb:Building package 'my_moveit_config' with the following arguments: {'ament_cmake_args': None, 'build_base': '/home/user/ros2_ws/src/manipulation_project/build/my_moveit_config', 'cargo_args': None, 'catkin_cmake_args': None, 'catkin_skip_building_tests': False, 'clean_build': False, 'cmake_args': None, 'cmake_clean_cache': False, 'cmake_clean_first': False, 'cmake_force_configure': False, 'cmake_target': None, 'cmake_target_skip_unavailable': False, 'install_base': '/home/user/ros2_ws/src/manipulation_project/install/my_moveit_config', 'lookup_in_workspace': False, 'merge_install': False, 'path': '/home/user/ros2_ws/src/manipulation_project/my_moveit_config', 'symlink_install': False, 'test_result_base': None}
[0.986s] INFO:colcon.colcon_core.executor:Executing jobs using 'parallel' executor
[0.990s] DEBUG:colcon.colcon_parallel_executor.executor.parallel:run_until_complete
[0.991s] INFO:colcon.colcon_ros.task.ament_cmake.build:Building ROS package in '/home/user/ros2_ws/src/manipulation_project/moveit2_scripts' with build type 'ament_cmake'
[0.992s] INFO:colcon.colcon_cmake.task.cmake.build:Building CMake package in '/home/user/ros2_ws/src/manipulation_project/moveit2_scripts'
[0.999s] INFO:colcon.colcon_core.plugin_system:Skipping extension 'colcon_core.shell.bat': Not used on non-Windows systems
[0.999s] INFO:colcon.colcon_core.shell:Skip shell extension 'powershell' for command environment: Not usable outside of PowerShell
[0.999s] DEBUG:colcon.colcon_core.shell:Skip shell extension 'dsv' for command environment
[1.028s] INFO:colcon.colcon_ros.task.ament_cmake.build:Building ROS package in '/home/user/ros2_ws/src/manipulation_project/my_moveit_config' with build type 'ament_cmake'
[1.028s] INFO:colcon.colcon_cmake.task.cmake.build:Building CMake package in '/home/user/ros2_ws/src/manipulation_project/my_moveit_config'
[1.031s] INFO:colcon.colcon_core.shell:Skip shell extension 'powershell' for command environment: Not usable outside of PowerShell
[1.031s] DEBUG:colcon.colcon_core.shell:Skip shell extension 'dsv' for command environment
[1.055s] DEBUG:colcon.colcon_core.event_handler.log_command:Invoking command in '/home/user/ros2_ws/src/manipulation_project/build/moveit2_scripts': CMAKE_PREFIX_PATH=${CMAKE_PREFIX_PATH}:/home/simulations/ros2_sims_ws/install/rclrs_tests:/home/simulations/ros2_sims_ws/install/examples_rclrs_minimal_client_service:/home/simulations/ros2_sims_ws/install/sensor_msgs_py:/home/simulations/ros2_sims_ws/install/examples_rclrs_minimal_pub_sub:/home/simulations/ros2_sims_ws/install/examples_rclrs_message_demo:/home/simulations/ros2_sims_ws/install/rclrs:/home/simulations/ros2_sims_ws/install/rosidl_runtime_rs:/home/user/ros2_ws/install/ros2test:/home/user/ros2_ws/install/robotiq_85_driver:/opt/ros/humble _=/usr/bin/env /usr/bin/cmake /home/user/ros2_ws/src/manipulation_project/moveit2_scripts -DCMAKE_INSTALL_PREFIX=/home/user/ros2_ws/src/manipulation_project/install/moveit2_scripts
[1.084s] DEBUG:colcon.colcon_core.event_handler.log_command:Invoking command in '/home/user/ros2_ws/src/manipulation_project/build/my_moveit_config': CMAKE_PREFIX_PATH=${CMAKE_PREFIX_PATH}:/home/simulations/ros2_sims_ws/install/rclrs_tests:/home/simulations/ros2_sims_ws/install/examples_rclrs_minimal_client_service:/home/simulations/ros2_sims_ws/install/sensor_msgs_py:/home/simulations/ros2_sims_ws/install/examples_rclrs_minimal_pub_sub:/home/simulations/ros2_sims_ws/install/examples_rclrs_message_demo:/home/simulations/ros2_sims_ws/install/rclrs:/home/simulations/ros2_sims_ws/install/rosidl_runtime_rs:/home/user/ros2_ws/install/ros2test:/home/user/ros2_ws/install/robotiq_85_driver:/opt/ros/humble _=/usr/bin/env /usr/bin/cmake /home/user/ros2_ws/src/manipulation_project/my_moveit_config -DCMAKE_INSTALL_PREFIX=/home/user/ros2_ws/src/manipulation_project/install/my_moveit_config
[3.515s] DEBUG:colcon.colcon_core.event_handler.log_command:Invoked command in '/home/user/ros2_ws/src/manipulation_project/build/my_moveit_config' returned '0': CMAKE_PREFIX_PATH=${CMAKE_PREFIX_PATH}:/home/simulations/ros2_sims_ws/install/rclrs_tests:/home/simulations/ros2_sims_ws/install/examples_rclrs_minimal_client_service:/home/simulations/ros2_sims_ws/install/sensor_msgs_py:/home/simulations/ros2_sims_ws/install/examples_rclrs_minimal_pub_sub:/home/simulations/ros2_sims_ws/install/examples_rclrs_message_demo:/home/simulations/ros2_sims_ws/install/rclrs:/home/simulations/ros2_sims_ws/install/rosidl_runtime_rs:/home/user/ros2_ws/install/ros2test:/home/user/ros2_ws/install/robotiq_85_driver:/opt/ros/humble _=/usr/bin/env /usr/bin/cmake /home/user/ros2_ws/src/manipulation_project/my_moveit_config -DCMAKE_INSTALL_PREFIX=/home/user/ros2_ws/src/manipulation_project/install/my_moveit_config
[3.535s] DEBUG:colcon.colcon_core.event_handler.log_command:Invoking command in '/home/user/ros2_ws/src/manipulation_project/build/my_moveit_config': CMAKE_PREFIX_PATH=${CMAKE_PREFIX_PATH}:/home/simulations/ros2_sims_ws/install/rclrs_tests:/home/simulations/ros2_sims_ws/install/examples_rclrs_minimal_client_service:/home/simulations/ros2_sims_ws/install/sensor_msgs_py:/home/simulations/ros2_sims_ws/install/examples_rclrs_minimal_pub_sub:/home/simulations/ros2_sims_ws/install/examples_rclrs_message_demo:/home/simulations/ros2_sims_ws/install/rclrs:/home/simulations/ros2_sims_ws/install/rosidl_runtime_rs:/home/user/ros2_ws/install/ros2test:/home/user/ros2_ws/install/robotiq_85_driver:/opt/ros/humble _=/usr/bin/env /usr/bin/cmake --build /home/user/ros2_ws/src/manipulation_project/build/my_moveit_config -- -j8 -l8
[3.622s] DEBUG:colcon.colcon_core.event_handler.log_command:Invoked command in '/home/user/ros2_ws/src/manipulation_project/build/my_moveit_config' returned '0': CMAKE_PREFIX_PATH=${CMAKE_PREFIX_PATH}:/home/simulations/ros2_sims_ws/install/rclrs_tests:/home/simulations/ros2_sims_ws/install/examples_rclrs_minimal_client_service:/home/simulations/ros2_sims_ws/install/sensor_msgs_py:/home/simulations/ros2_sims_ws/install/examples_rclrs_minimal_pub_sub:/home/simulations/ros2_sims_ws/install/examples_rclrs_message_demo:/home/simulations/ros2_sims_ws/install/rclrs:/home/simulations/ros2_sims_ws/install/rosidl_runtime_rs:/home/user/ros2_ws/install/ros2test:/home/user/ros2_ws/install/robotiq_85_driver:/opt/ros/humble _=/usr/bin/env /usr/bin/cmake --build /home/user/ros2_ws/src/manipulation_project/build/my_moveit_config -- -j8 -l8
[3.755s] DEBUG:colcon.colcon_core.event_handler.log_command:Invoking command in '/home/user/ros2_ws/src/manipulation_project/build/my_moveit_config': CMAKE_PREFIX_PATH=${CMAKE_PREFIX_PATH}:/home/simulations/ros2_sims_ws/install/rclrs_tests:/home/simulations/ros2_sims_ws/install/examples_rclrs_minimal_client_service:/home/simulations/ros2_sims_ws/install/sensor_msgs_py:/home/simulations/ros2_sims_ws/install/examples_rclrs_minimal_pub_sub:/home/simulations/ros2_sims_ws/install/examples_rclrs_message_demo:/home/simulations/ros2_sims_ws/install/rclrs:/home/simulations/ros2_sims_ws/install/rosidl_runtime_rs:/home/user/ros2_ws/install/ros2test:/home/user/ros2_ws/install/robotiq_85_driver:/opt/ros/humble _=/usr/bin/env /usr/bin/cmake --install /home/user/ros2_ws/src/manipulation_project/build/my_moveit_config
[3.793s] Level 1:colcon.colcon_core.environment:create_environment_scripts_only(my_moveit_config)
[3.794s] DEBUG:colcon.colcon_core.event_handler.log_command:Invoked command in '/home/user/ros2_ws/src/manipulation_project/build/my_moveit_config' returned '0': CMAKE_PREFIX_PATH=${CMAKE_PREFIX_PATH}:/home/simulations/ros2_sims_ws/install/rclrs_tests:/home/simulations/ros2_sims_ws/install/examples_rclrs_minimal_client_service:/home/simulations/ros2_sims_ws/install/sensor_msgs_py:/home/simulations/ros2_sims_ws/install/examples_rclrs_minimal_pub_sub:/home/simulations/ros2_sims_ws/install/examples_rclrs_message_demo:/home/simulations/ros2_sims_ws/install/rclrs:/home/simulations/ros2_sims_ws/install/rosidl_runtime_rs:/home/user/ros2_ws/install/ros2test:/home/user/ros2_ws/install/robotiq_85_driver:/opt/ros/humble _=/usr/bin/env /usr/bin/cmake --install /home/user/ros2_ws/src/manipulation_project/build/my_moveit_config
[3.803s] Level 1:colcon.colcon_core.environment:checking '/home/user/ros2_ws/src/manipulation_project/install/my_moveit_config' for CMake module files
[3.804s] Level 1:colcon.colcon_core.environment:checking '/home/user/ros2_ws/src/manipulation_project/install/my_moveit_config' for CMake config files
[3.805s] Level 1:colcon.colcon_core.shell:create_environment_hook('my_moveit_config', 'cmake_prefix_path')
[3.808s] INFO:colcon.colcon_core.shell:Creating environment hook '/home/user/ros2_ws/src/manipulation_project/install/my_moveit_config/share/my_moveit_config/hook/cmake_prefix_path.ps1'
[3.810s] INFO:colcon.colcon_core.shell:Creating environment descriptor '/home/user/ros2_ws/src/manipulation_project/install/my_moveit_config/share/my_moveit_config/hook/cmake_prefix_path.dsv'
[3.811s] INFO:colcon.colcon_core.shell:Creating environment hook '/home/user/ros2_ws/src/manipulation_project/install/my_moveit_config/share/my_moveit_config/hook/cmake_prefix_path.sh'
[3.813s] Level 1:colcon.colcon_core.environment:checking '/home/user/ros2_ws/src/manipulation_project/install/my_moveit_config/bin'
[3.813s] Level 1:colcon.colcon_core.environment:checking '/home/user/ros2_ws/src/manipulation_project/install/my_moveit_config/lib/pkgconfig/my_moveit_config.pc'
[3.816s] Level 1:colcon.colcon_core.environment:checking '/home/user/ros2_ws/src/manipulation_project/install/my_moveit_config/lib/python3.10/site-packages'
[3.817s] Level 1:colcon.colcon_core.environment:checking '/home/user/ros2_ws/src/manipulation_project/install/my_moveit_config/bin'
[3.820s] INFO:colcon.colcon_core.shell:Creating package script '/home/user/ros2_ws/src/manipulation_project/install/my_moveit_config/share/my_moveit_config/package.ps1'
[3.821s] INFO:colcon.colcon_core.shell:Creating package descriptor '/home/user/ros2_ws/src/manipulation_project/install/my_moveit_config/share/my_moveit_config/package.dsv'
[3.822s] INFO:colcon.colcon_core.shell:Creating package script '/home/user/ros2_ws/src/manipulation_project/install/my_moveit_config/share/my_moveit_config/package.sh'
[3.823s] INFO:colcon.colcon_core.shell:Creating package script '/home/user/ros2_ws/src/manipulation_project/install/my_moveit_config/share/my_moveit_config/package.bash'
[3.825s] INFO:colcon.colcon_core.shell:Creating package script '/home/user/ros2_ws/src/manipulation_project/install/my_moveit_config/share/my_moveit_config/package.zsh'
[3.826s] Level 1:colcon.colcon_core.environment:create_file_with_runtime_dependencies(/home/user/ros2_ws/src/manipulation_project/install/my_moveit_config/share/colcon-core/packages/my_moveit_config)
[3.930s] Level 1:colcon.colcon_core.environment:create_environment_scripts_only(my_moveit_config)
[3.934s] Level 1:colcon.colcon_core.environment:checking '/home/user/ros2_ws/src/manipulation_project/install/my_moveit_config' for CMake module files
[3.935s] Level 1:colcon.colcon_core.environment:checking '/home/user/ros2_ws/src/manipulation_project/install/my_moveit_config' for CMake config files
[3.936s] Level 1:colcon.colcon_core.shell:create_environment_hook('my_moveit_config', 'cmake_prefix_path')
[3.939s] INFO:colcon.colcon_core.shell:Creating environment hook '/home/user/ros2_ws/src/manipulation_project/install/my_moveit_config/share/my_moveit_config/hook/cmake_prefix_path.ps1'
[3.939s] INFO:colcon.colcon_core.shell:Creating environment descriptor '/home/user/ros2_ws/src/manipulation_project/install/my_moveit_config/share/my_moveit_config/hook/cmake_prefix_path.dsv'
[3.940s] INFO:colcon.colcon_core.shell:Creating environment hook '/home/user/ros2_ws/src/manipulation_project/install/my_moveit_config/share/my_moveit_config/hook/cmake_prefix_path.sh'
[3.941s] Level 1:colcon.colcon_core.environment:checking '/home/user/ros2_ws/src/manipulation_project/install/my_moveit_config/bin'
[3.941s] Level 1:colcon.colcon_core.environment:checking '/home/user/ros2_ws/src/manipulation_project/install/my_moveit_config/lib/pkgconfig/my_moveit_config.pc'
[3.942s] Level 1:colcon.colcon_core.environment:checking '/home/user/ros2_ws/src/manipulation_project/install/my_moveit_config/lib/python3.10/site-packages'
[3.942s] Level 1:colcon.colcon_core.environment:checking '/home/user/ros2_ws/src/manipulation_project/install/my_moveit_config/bin'
[3.945s] INFO:colcon.colcon_core.shell:Creating package script '/home/user/ros2_ws/src/manipulation_project/install/my_moveit_config/share/my_moveit_config/package.ps1'
[3.945s] INFO:colcon.colcon_core.shell:Creating package descriptor '/home/user/ros2_ws/src/manipulation_project/install/my_moveit_config/share/my_moveit_config/package.dsv'
[3.946s] INFO:colcon.colcon_core.shell:Creating package script '/home/user/ros2_ws/src/manipulation_project/install/my_moveit_config/share/my_moveit_config/package.sh'
[3.946s] INFO:colcon.colcon_core.shell:Creating package script '/home/user/ros2_ws/src/manipulation_project/install/my_moveit_config/share/my_moveit_config/package.bash'
[3.947s] INFO:colcon.colcon_core.shell:Creating package script '/home/user/ros2_ws/src/manipulation_project/install/my_moveit_config/share/my_moveit_config/package.zsh'
[3.948s] Level 1:colcon.colcon_core.environment:create_file_with_runtime_dependencies(/home/user/ros2_ws/src/manipulation_project/install/my_moveit_config/share/colcon-core/packages/my_moveit_config)
[12.754s] DEBUG:colcon.colcon_core.event_handler.log_command:Invoked command in '/home/user/ros2_ws/src/manipulation_project/build/moveit2_scripts' returned '0': CMAKE_PREFIX_PATH=${CMAKE_PREFIX_PATH}:/home/simulations/ros2_sims_ws/install/rclrs_tests:/home/simulations/ros2_sims_ws/install/examples_rclrs_minimal_client_service:/home/simulations/ros2_sims_ws/install/sensor_msgs_py:/home/simulations/ros2_sims_ws/install/examples_rclrs_minimal_pub_sub:/home/simulations/ros2_sims_ws/install/examples_rclrs_message_demo:/home/simulations/ros2_sims_ws/install/rclrs:/home/simulations/ros2_sims_ws/install/rosidl_runtime_rs:/home/user/ros2_ws/install/ros2test:/home/user/ros2_ws/install/robotiq_85_driver:/opt/ros/humble _=/usr/bin/env /usr/bin/cmake /home/user/ros2_ws/src/manipulation_project/moveit2_scripts -DCMAKE_INSTALL_PREFIX=/home/user/ros2_ws/src/manipulation_project/install/moveit2_scripts
[12.757s] DEBUG:colcon.colcon_core.event_handler.log_command:Invoking command in '/home/user/ros2_ws/src/manipulation_project/build/moveit2_scripts': CMAKE_PREFIX_PATH=${CMAKE_PREFIX_PATH}:/home/simulations/ros2_sims_ws/install/rclrs_tests:/home/simulations/ros2_sims_ws/install/examples_rclrs_minimal_client_service:/home/simulations/ros2_sims_ws/install/sensor_msgs_py:/home/simulations/ros2_sims_ws/install/examples_rclrs_minimal_pub_sub:/home/simulations/ros2_sims_ws/install/examples_rclrs_message_demo:/home/simulations/ros2_sims_ws/install/rclrs:/home/simulations/ros2_sims_ws/install/rosidl_runtime_rs:/home/user/ros2_ws/install/ros2test:/home/user/ros2_ws/install/robotiq_85_driver:/opt/ros/humble _=/usr/bin/env /usr/bin/cmake --build /home/user/ros2_ws/src/manipulation_project/build/moveit2_scripts -- -j8 -l8
[28.662s] DEBUG:colcon.colcon_core.event_handler.log_command:Invoked command in '/home/user/ros2_ws/src/manipulation_project/build/moveit2_scripts' returned '0': CMAKE_PREFIX_PATH=${CMAKE_PREFIX_PATH}:/home/simulations/ros2_sims_ws/install/rclrs_tests:/home/simulations/ros2_sims_ws/install/examples_rclrs_minimal_client_service:/home/simulations/ros2_sims_ws/install/sensor_msgs_py:/home/simulations/ros2_sims_ws/install/examples_rclrs_minimal_pub_sub:/home/simulations/ros2_sims_ws/install/examples_rclrs_message_demo:/home/simulations/ros2_sims_ws/install/rclrs:/home/simulations/ros2_sims_ws/install/rosidl_runtime_rs:/home/user/ros2_ws/install/ros2test:/home/user/ros2_ws/install/robotiq_85_driver:/opt/ros/humble _=/usr/bin/env /usr/bin/cmake --build /home/user/ros2_ws/src/manipulation_project/build/moveit2_scripts -- -j8 -l8
[28.785s] DEBUG:colcon.colcon_core.event_handler.log_command:Invoking command in '/home/user/ros2_ws/src/manipulation_project/build/moveit2_scripts': CMAKE_PREFIX_PATH=${CMAKE_PREFIX_PATH}:/home/simulations/ros2_sims_ws/install/rclrs_tests:/home/simulations/ros2_sims_ws/install/examples_rclrs_minimal_client_service:/home/simulations/ros2_sims_ws/install/sensor_msgs_py:/home/simulations/ros2_sims_ws/install/examples_rclrs_minimal_pub_sub:/home/simulations/ros2_sims_ws/install/examples_rclrs_message_demo:/home/simulations/ros2_sims_ws/install/rclrs:/home/simulations/ros2_sims_ws/install/rosidl_runtime_rs:/home/user/ros2_ws/install/ros2test:/home/user/ros2_ws/install/robotiq_85_driver:/opt/ros/humble _=/usr/bin/env /usr/bin/cmake --install /home/user/ros2_ws/src/manipulation_project/build/moveit2_scripts
[28.812s] Level 1:colcon.colcon_core.environment:create_environment_scripts_only(moveit2_scripts)
[28.817s] Level 1:colcon.colcon_core.environment:checking '/home/user/ros2_ws/src/manipulation_project/install/moveit2_scripts' for CMake module files
[28.818s] Level 1:colcon.colcon_core.environment:checking '/home/user/ros2_ws/src/manipulation_project/install/moveit2_scripts' for CMake config files
[28.819s] Level 1:colcon.colcon_core.shell:create_environment_hook('moveit2_scripts', 'cmake_prefix_path')
[28.818s] DEBUG:colcon.colcon_core.event_handler.log_command:Invoked command in '/home/user/ros2_ws/src/manipulation_project/build/moveit2_scripts' returned '0': CMAKE_PREFIX_PATH=${CMAKE_PREFIX_PATH}:/home/simulations/ros2_sims_ws/install/rclrs_tests:/home/simulations/ros2_sims_ws/install/examples_rclrs_minimal_client_service:/home/simulations/ros2_sims_ws/install/sensor_msgs_py:/home/simulations/ros2_sims_ws/install/examples_rclrs_minimal_pub_sub:/home/simulations/ros2_sims_ws/install/examples_rclrs_message_demo:/home/simulations/ros2_sims_ws/install/rclrs:/home/simulations/ros2_sims_ws/install/rosidl_runtime_rs:/home/user/ros2_ws/install/ros2test:/home/user/ros2_ws/install/robotiq_85_driver:/opt/ros/humble _=/usr/bin/env /usr/bin/cmake --install /home/user/ros2_ws/src/manipulation_project/build/moveit2_scripts
[28.822s] INFO:colcon.colcon_core.shell:Creating environment hook '/home/user/ros2_ws/src/manipulation_project/install/moveit2_scripts/share/moveit2_scripts/hook/cmake_prefix_path.ps1'
[28.823s] INFO:colcon.colcon_core.shell:Creating environment descriptor '/home/user/ros2_ws/src/manipulation_project/install/moveit2_scripts/share/moveit2_scripts/hook/cmake_prefix_path.dsv'
[28.824s] INFO:colcon.colcon_core.shell:Creating environment hook '/home/user/ros2_ws/src/manipulation_project/install/moveit2_scripts/share/moveit2_scripts/hook/cmake_prefix_path.sh'
[28.824s] Level 1:colcon.colcon_core.environment:checking '/home/user/ros2_ws/src/manipulation_project/install/moveit2_scripts/lib'
[28.825s] Level 1:colcon.colcon_core.environment:checking '/home/user/ros2_ws/src/manipulation_project/install/moveit2_scripts/bin'
[28.825s] Level 1:colcon.colcon_core.environment:checking '/home/user/ros2_ws/src/manipulation_project/install/moveit2_scripts/lib/pkgconfig/moveit2_scripts.pc'
[28.825s] Level 1:colcon.colcon_core.environment:checking '/home/user/ros2_ws/src/manipulation_project/install/moveit2_scripts/lib/python3.10/site-packages'
[28.826s] Level 1:colcon.colcon_core.environment:checking '/home/user/ros2_ws/src/manipulation_project/install/moveit2_scripts/bin'
[28.829s] INFO:colcon.colcon_core.shell:Creating package script '/home/user/ros2_ws/src/manipulation_project/install/moveit2_scripts/share/moveit2_scripts/package.ps1'
[28.830s] INFO:colcon.colcon_core.shell:Creating package descriptor '/home/user/ros2_ws/src/manipulation_project/install/moveit2_scripts/share/moveit2_scripts/package.dsv'
[28.831s] INFO:colcon.colcon_core.shell:Creating package script '/home/user/ros2_ws/src/manipulation_project/install/moveit2_scripts/share/moveit2_scripts/package.sh'
[28.832s] INFO:colcon.colcon_core.shell:Creating package script '/home/user/ros2_ws/src/manipulation_project/install/moveit2_scripts/share/moveit2_scripts/package.bash'
[28.832s] INFO:colcon.colcon_core.shell:Creating package script '/home/user/ros2_ws/src/manipulation_project/install/moveit2_scripts/share/moveit2_scripts/package.zsh'
[28.833s] Level 1:colcon.colcon_core.environment:create_file_with_runtime_dependencies(/home/user/ros2_ws/src/manipulation_project/install/moveit2_scripts/share/colcon-core/packages/moveit2_scripts)
[28.981s] Level 1:colcon.colcon_core.environment:create_environment_scripts_only(moveit2_scripts)
[28.985s] Level 1:colcon.colcon_core.environment:checking '/home/user/ros2_ws/src/manipulation_project/install/moveit2_scripts' for CMake module files
[28.986s] Level 1:colcon.colcon_core.environment:checking '/home/user/ros2_ws/src/manipulation_project/install/moveit2_scripts' for CMake config files
[28.987s] Level 1:colcon.colcon_core.shell:create_environment_hook('moveit2_scripts', 'cmake_prefix_path')
[28.990s] INFO:colcon.colcon_core.shell:Creating environment hook '/home/user/ros2_ws/src/manipulation_project/install/moveit2_scripts/share/moveit2_scripts/hook/cmake_prefix_path.ps1'
[28.991s] INFO:colcon.colcon_core.shell:Creating environment descriptor '/home/user/ros2_ws/src/manipulation_project/install/moveit2_scripts/share/moveit2_scripts/hook/cmake_prefix_path.dsv'
[28.991s] INFO:colcon.colcon_core.shell:Creating environment hook '/home/user/ros2_ws/src/manipulation_project/install/moveit2_scripts/share/moveit2_scripts/hook/cmake_prefix_path.sh'
[28.992s] Level 1:colcon.colcon_core.environment:checking '/home/user/ros2_ws/src/manipulation_project/install/moveit2_scripts/lib'
[28.992s] Level 1:colcon.colcon_core.environment:checking '/home/user/ros2_ws/src/manipulation_project/install/moveit2_scripts/bin'
[28.992s] Level 1:colcon.colcon_core.environment:checking '/home/user/ros2_ws/src/manipulation_project/install/moveit2_scripts/lib/pkgconfig/moveit2_scripts.pc'
[28.993s] Level 1:colcon.colcon_core.environment:checking '/home/user/ros2_ws/src/manipulation_project/install/moveit2_scripts/lib/python3.10/site-packages'
[28.993s] Level 1:colcon.colcon_core.environment:checking '/home/user/ros2_ws/src/manipulation_project/install/moveit2_scripts/bin'
[28.997s] INFO:colcon.colcon_core.shell:Creating package script '/home/user/ros2_ws/src/manipulation_project/install/moveit2_scripts/share/moveit2_scripts/package.ps1'
[28.997s] INFO:colcon.colcon_core.shell:Creating package descriptor '/home/user/ros2_ws/src/manipulation_project/install/moveit2_scripts/share/moveit2_scripts/package.dsv'
[28.998s] INFO:colcon.colcon_core.shell:Creating package script '/home/user/ros2_ws/src/manipulation_project/install/moveit2_scripts/share/moveit2_scripts/package.sh'
[28.999s] INFO:colcon.colcon_core.shell:Creating package script '/home/user/ros2_ws/src/manipulation_project/install/moveit2_scripts/share/moveit2_scripts/package.bash'
[29.000s] INFO:colcon.colcon_core.shell:Creating package script '/home/user/ros2_ws/src/manipulation_project/install/moveit2_scripts/share/moveit2_scripts/package.zsh'
[29.001s] Level 1:colcon.colcon_core.environment:create_file_with_runtime_dependencies(/home/user/ros2_ws/src/manipulation_project/install/moveit2_scripts/share/colcon-core/packages/moveit2_scripts)
[29.001s] DEBUG:colcon.colcon_parallel_executor.executor.parallel:closing loop
[29.002s] DEBUG:colcon.colcon_parallel_executor.executor.parallel:loop closed
[29.002s] DEBUG:colcon.colcon_parallel_executor.executor.parallel:run_until_complete finished with '0'
[29.002s] DEBUG:colcon.colcon_core.event_reactor:joining thread
[29.012s] INFO:colcon.colcon_core.plugin_system:Skipping extension 'colcon_notification.desktop_notification.notify_send': Could not find 'notify-send'
[29.013s] INFO:colcon.colcon_core.plugin_system:Skipping extension 'colcon_notification.desktop_notification.terminal_notifier': Not used on non-Darwin systems
[29.013s] INFO:colcon.colcon_core.plugin_system:Skipping extension 'colcon_notification.desktop_notification.win32': Not used on non-Windows systems
[29.013s] INFO:colcon.colcon_notification.desktop_notification:Sending desktop notification using 'notify2'
[29.015s] DEBUG:colcon.colcon_notification.desktop_notification.notify2:Failed to initialize notify2: org.freedesktop.DBus.Error.Spawn.ExecFailed: /usr/bin/dbus-launch terminated abnormally without any error message
[29.015s] DEBUG:colcon.colcon_core.event_reactor:joined thread
[29.018s] INFO:colcon.colcon_core.shell:Creating prefix script '/home/user/ros2_ws/src/manipulation_project/install/local_setup.ps1'
[29.019s] INFO:colcon.colcon_core.shell:Creating prefix util module '/home/user/ros2_ws/src/manipulation_project/install/_local_setup_util_ps1.py'
[29.022s] INFO:colcon.colcon_core.shell:Creating prefix chain script '/home/user/ros2_ws/src/manipulation_project/install/setup.ps1'
[29.030s] INFO:colcon.colcon_core.shell:Creating prefix script '/home/user/ros2_ws/src/manipulation_project/install/local_setup.sh'
[29.030s] INFO:colcon.colcon_core.shell:Creating prefix util module '/home/user/ros2_ws/src/manipulation_project/install/_local_setup_util_sh.py'
[29.031s] INFO:colcon.colcon_core.shell:Creating prefix chain script '/home/user/ros2_ws/src/manipulation_project/install/setup.sh'
[29.036s] INFO:colcon.colcon_core.shell:Creating prefix script '/home/user/ros2_ws/src/manipulation_project/install/local_setup.bash'
[29.036s] INFO:colcon.colcon_core.shell:Creating prefix chain script '/home/user/ros2_ws/src/manipulation_project/install/setup.bash'
[29.043s] INFO:colcon.colcon_core.shell:Creating prefix script '/home/user/ros2_ws/src/manipulation_project/install/local_setup.zsh'
[29.044s] INFO:colcon.colcon_core.shell:Creating prefix chain script '/home/user/ros2_ws/src/manipulation_project/install/setup.zsh'
